Unity Editor version:    2022.3.57f1c2 (32588f90613b)
Branch:                  2022.3/china_unity/release
Build type:              Release
Batch mode:              YES
macOS version:           Version 13.6.7 (Build 22G720)
Darwin version:          22.6.0
Architecture:            arm64
Running under Rosetta:   NO
Available memory:        16384 MB
Using pre-set license
Pro License: YES

COMMAND LINE ARGUMENTS:
/Applications/Unity/Hub/Editor/2022.3.57f1c2/Unity.app/Contents/MacOS/Unity
-adb2
-batchMode
-noUpm
-name
AssetImportWorker6
-projectPath
/Users/bujiangjiu/Downloads/map
-logFile
Logs/AssetImportWorker6.log
-srvPort
62775
Successfully changed project path to: /Users/bujiangjiu/Downloads/map
/Users/bujiangjiu/Downloads/map
[UnityMemory] Configuration Parameters - Can be set up in boot.config
    "memorysetup-bucket-allocator-granularity=16"
    "memorysetup-bucket-allocator-bucket-count=8"
    "memorysetup-bucket-allocator-block-size=33554432"
    "memorysetup-bucket-allocator-block-count=8"
    "memorysetup-main-allocator-block-size=16777216"
    "memorysetup-thread-allocator-block-size=16777216"
    "memorysetup-gfx-main-allocator-block-size=16777216"
    "memorysetup-gfx-thread-allocator-block-size=16777216"
    "memorysetup-cache-allocator-block-size=4194304"
    "memorysetup-typetree-allocator-block-size=2097152"
    "memorysetup-profiler-bucket-allocator-granularity=16"
    "memorysetup-profiler-bucket-allocator-bucket-count=8"
    "memorysetup-profiler-bucket-allocator-block-size=33554432"
    "memorysetup-profiler-bucket-allocator-block-count=8"
    "memorysetup-profiler-allocator-block-size=16777216"
    "memorysetup-profiler-editor-allocator-block-size=1048576"
    "memorysetup-temp-allocator-size-main=16777216"
    "memorysetup-job-temp-allocator-block-size=2097152"
    "memorysetup-job-temp-allocator-block-size-background=1048576"
    "memorysetup-job-temp-allocator-reduction-small-platforms=262144"
    "memorysetup-allocator-temp-initial-block-size-main=262144"
    "memorysetup-allocator-temp-initial-block-size-worker=262144"
    "memorysetup-temp-allocator-size-background-worker=32768"
    "memorysetup-temp-allocator-size-job-worker=262144"
    "memorysetup-temp-allocator-size-preload-manager=33554432"
    "memorysetup-temp-allocator-size-nav-mesh-worker=65536"
    "memorysetup-temp-allocator-size-audio-worker=65536"
    "memorysetup-temp-allocator-size-cloud-worker=32768"
    "memorysetup-temp-allocator-size-gi-baking-worker=262144"
    "memorysetup-temp-allocator-size-gfx=262144"
Player connection [8205967616]  Target information:

Player connection [8205967616]  * "[IP] 192.168.1.100 [Port] 0 [Flags] 2 [Guid] 1114854607 [EditorId] 1114854607 [Version] 1048832 [Id] OSXEditor(0,bujiangjiudeMacBook-Pro.local) [Debug] 1 [PackageName] OSXEditor [ProjectName] Editor" 

Player connection [8205967616] Host joined multi-casting on [225.0.0.222:54997]...
Player connection [8205967616] Host joined alternative multi-casting on [225.0.0.222:34997]...
Input System module state changed to: Initialized.
[PhysX] Initialized MultithreadedTaskDispatcher with 8 workers.
Refreshing native plugins compatible for Editor in 2.93 ms, found 3 plugins.
Preloading 0 native plugins for Editor in 0.00 ms.
Initialize engine version: 2022.3.57f1c2 (32588f90613b)
[Subsystems] Discovering subsystems at path /Applications/Unity/Hub/Editor/2022.3.57f1c2/Unity.app/Contents/Resources/UnitySubsystems
[Subsystems] Discovering subsystems at path /Users/bujiangjiu/Downloads/map/Assets
GfxDevice: creating device client; threaded=0; jobified=0
 preferred device: Apple M1 (high power)
Metal devices available: 1
0: Apple M1 (high power)
Using device Apple M1 (high power)
Initializing Metal device caps: Apple M1
Initialize mono
Mono path[0] = '/Applications/Unity/Hub/Editor/2022.3.57f1c2/Unity.app/Contents/Managed'
Mono path[1] = '/Applications/Unity/Hub/Editor/2022.3.57f1c2/Unity.app/Contents/MonoBleedingEdge/lib/mono/unityjit-macos'
Mono config path = '/Applications/Unity/Hub/Editor/2022.3.57f1c2/Unity.app/Contents/MonoBleedingEdge/etc'
Using monoOptions --debugger-agent=transport=dt_socket,embedding=1,server=y,suspend=n,address=127.0.0.1:56930
Begin MonoManager ReloadAssembly
Registering precompiled unity dll's ...
Register platform support module: /Applications/Unity/Hub/Editor/2022.3.57f1c2/Unity.app/Contents/PlaybackEngines/MacStandaloneSupport/UnityEditor.OSXStandalone.Extensions.dll
Registered in 0.000807 seconds.
- Loaded All Assemblies, in  0.195 seconds
Native extension for OSXStandalone target not found
Mono: successfully reloaded assembly
- Finished resetting the current domain, in  0.144 seconds
Domain Reload Profiling: 339ms
	BeginReloadAssembly (57ms)
		ExecutionOrderSort (0ms)
		DisableScriptedObjects (0ms)
		BackupInstance (0ms)
		ReleaseScriptingObjects (0ms)
		CreateAndSetChildDomain (0ms)
	RebuildCommonClasses (20ms)
	RebuildNativeTypeToScriptingClass (8ms)
	initialDomainReloadingComplete (28ms)
	LoadAllAssembliesAndSetupDomain (82ms)
		LoadAssemblies (57ms)
		RebuildTransferFunctionScriptingTraits (0ms)
		AnalyzeDomain (81ms)
			TypeCache.Refresh (80ms)
				TypeCache.ScanAssembly (71ms)
			ScanForSourceGeneratedMonoScriptInfo (0ms)
			ResolveRequiredComponents (0ms)
	FinalizeReload (144ms)
		ReleaseScriptCaches (0ms)
		RebuildScriptCaches (0ms)
		SetupLoadedEditorAssemblies (116ms)
			LogAssemblyErrors (0ms)
			InitializePlatformSupportModulesInManaged (5ms)
			SetLoadedEditorAssemblies (4ms)
			RefreshPlugins (0ms)
			BeforeProcessingInitializeOnLoad (1ms)
			ProcessInitializeOnLoadAttributes (82ms)
			ProcessInitializeOnLoadMethodAttributes (25ms)
			AfterProcessingInitializeOnLoad (0ms)
			EditorAssembliesLoaded (0ms)
		ExecutionOrderSort2 (0ms)
		AwakeInstancesAfterBackupRestoration (0ms)
========================================================================
Worker process is ready to serve import requests
Caller must complete domain reload
Begin MonoManager ReloadAssembly
- Loaded All Assemblies, in  0.434 seconds
Native extension for OSXStandalone target not found
Mono: successfully reloaded assembly
- Finished resetting the current domain, in  0.653 seconds
Domain Reload Profiling: 1087ms
	BeginReloadAssembly (76ms)
		ExecutionOrderSort (0ms)
		DisableScriptedObjects (3ms)
		BackupInstance (0ms)
		ReleaseScriptingObjects (0ms)
		CreateAndSetChildDomain (13ms)
	RebuildCommonClasses (20ms)
	RebuildNativeTypeToScriptingClass (7ms)
	initialDomainReloadingComplete (23ms)
	LoadAllAssembliesAndSetupDomain (307ms)
		LoadAssemblies (216ms)
		RebuildTransferFunctionScriptingTraits (0ms)
		AnalyzeDomain (128ms)
			TypeCache.Refresh (112ms)
				TypeCache.ScanAssembly (94ms)
			ScanForSourceGeneratedMonoScriptInfo (11ms)
			ResolveRequiredComponents (4ms)
	FinalizeReload (653ms)
		ReleaseScriptCaches (0ms)
		RebuildScriptCaches (0ms)
		SetupLoadedEditorAssemblies (516ms)
			LogAssemblyErrors (0ms)
			InitializePlatformSupportModulesInManaged (3ms)
			SetLoadedEditorAssemblies (3ms)
			RefreshPlugins (0ms)
			BeforeProcessingInitializeOnLoad (47ms)
			ProcessInitializeOnLoadAttributes (408ms)
			ProcessInitializeOnLoadMethodAttributes (52ms)
			AfterProcessingInitializeOnLoad (3ms)
			EditorAssembliesLoaded (0ms)
		ExecutionOrderSort2 (0ms)
		AwakeInstancesAfterBackupRestoration (3ms)
Launching external process: /Applications/Unity/Hub/Editor/2022.3.57f1c2/Unity.app/Contents/Tools/UnityShaderCompiler
Launched and connected shader compiler UnityShaderCompiler after 0.09 seconds
Refreshing native plugins compatible for Editor in 3.59 ms, found 3 plugins.
Preloading 0 native plugins for Editor in 0.00 ms.
Unloading 4118 Unused Serialized files (Serialized files now loaded: 0)
Unloading 31 unused Assets / (29.8 KB). Loaded Objects now: 4601.
Memory consumption went from 162.2 MB to 162.2 MB.
Total: 4.121625 ms (FindLiveObjects: 0.144625 ms CreateObjectMapping: 0.052500 ms MarkObjects: 3.861375 ms  DeleteObjects: 0.062042 ms)

AssetImportParameters requested are different than current active one (requested -> active):
  custom:container-demuxer-ogg: 62fdf1f143b41e24485cea50d1cbac27 -> 
  custom:video-decoder-ogg-theora: a1e56fd34408186e4bbccfd4996cb3dc -> 
  custom:CustomObjectIndexerAttribute: 9a22284fe3817be447336de3de66b15e -> 
  custom:container-demuxer-webm: 4f35f7cbe854078d1ac9338744f61a02 -> 
  custom:container-muxer-webm: aa71ff27fc2769a1b78a27578f13a17b -> 
  custom:video-decoder-webm-vp8: 9c59270c3fd7afecdb556c50c9e8de78 -> 
  custom:SearchIndexIgnoredProperties: e643bd26f0fe6173181afceb89e7c659 -> 
  custom:AudioImporter_EditorPlatform: 3918e3fc78b5a79bad01e8451be0beb8 -> 
  custom:framework-osx-AVFoundation: e770b220cccbd017edd2c1fefb359320 -> 
  custom:video-encoder-webm-vp8: eb34c28f22e8b96e1ab97ce403110664 -> 
  custom:audio-decoder-ogg-vorbis: bf7c407c2cedff20999df2af8eb42d56 -> 
  custom:audio-encoder-webm-vorbis: bf7c407c2cedff20999df2af8eb42d56 -> 
========================================================================
Received Import Request.
  Time since last request: 139259.941056 seconds.
  path: Assets/UnityCardGame-dyh/Assets/2D Cards Game Art Pack/Sprites/Standard 52 Cards/Standard Rounded Cards/Spades/cardSpades_7.png
  artifactKey: Guid(3e16ba994190e244595207a63b19d866) Importer(815301076,1909f56bfc062723c751e8b465ee728b)
Start importing Assets/UnityCardGame-dyh/Assets/2D Cards Game Art Pack/Sprites/Standard 52 Cards/Standard Rounded Cards/Spades/cardSpades_7.png using Guid(3e16ba994190e244595207a63b19d866) Importer(815301076,1909f56bfc062723c751e8b465ee728b) [PhysX] Initialized MultithreadedTaskDispatcher with 8 workers.
[PhysX] Initialized MultithreadedTaskDispatcher with 8 workers.
 -> (artifact id: '5a08d7114b150c3c5ac79fcc8546f2ba') in 0.124741 seconds
Number of updated asset objects reloaded before import = 0
Number of asset objects unloaded after import = 3
========================================================================
Received Import Request.
  Time since last request: 0.000910 seconds.
  path: Assets/UnityCardGame-dyh/Assets/2D Cards Game Art Pack/Sprites/Characters/char_4.png
  artifactKey: Guid(39bb389d19a6d7d46b2074740a4ddf86) Importer(815301076,1909f56bfc062723c751e8b465ee728b)
Start importing Assets/UnityCardGame-dyh/Assets/2D Cards Game Art Pack/Sprites/Characters/char_4.png using Guid(39bb389d19a6d7d46b2074740a4ddf86) Importer(815301076,1909f56bfc062723c751e8b465ee728b) [PhysX] Initialized MultithreadedTaskDispatcher with 8 workers.
[PhysX] Initialized MultithreadedTaskDispatcher with 8 workers.
 -> (artifact id: '2e780f7e3bef6968d96ea5c378e5e89a') in 0.011978 seconds
Number of updated asset objects reloaded before import = 0
Number of asset objects unloaded after import = 3
========================================================================
Received Import Request.
  Time since last request: 0.001359 seconds.
  path: Assets/Assets/UI Elements/Extras/circle64.png
  artifactKey: Guid(fc9bc5aa27e344b32b6bae7ef75f0a06) Importer(815301076,1909f56bfc062723c751e8b465ee728b)
Start importing Assets/Assets/UI Elements/Extras/circle64.png using Guid(fc9bc5aa27e344b32b6bae7ef75f0a06) Importer(815301076,1909f56bfc062723c751e8b465ee728b) [PhysX] Initialized MultithreadedTaskDispatcher with 8 workers.
[PhysX] Initialized MultithreadedTaskDispatcher with 8 workers.
 -> (artifact id: '0fd9a464d3819fc1879e1c8b9e465a3b') in 0.008770 seconds
Number of updated asset objects reloaded before import = 0
Number of asset objects unloaded after import = 3
========================================================================
Received Import Request.
  Time since last request: 0.008835 seconds.
  path: Assets/UnityCardGame-dyh/Assets/2D Cards Game Art Pack/Sprites/Characters/char_7.png
  artifactKey: Guid(49d4522f114289e4ca566eb2d4aefbc0) Importer(815301076,1909f56bfc062723c751e8b465ee728b)
Start importing Assets/UnityCardGame-dyh/Assets/2D Cards Game Art Pack/Sprites/Characters/char_7.png using Guid(49d4522f114289e4ca566eb2d4aefbc0) Importer(815301076,1909f56bfc062723c751e8b465ee728b) [PhysX] Initialized MultithreadedTaskDispatcher with 8 workers.
[PhysX] Initialized MultithreadedTaskDispatcher with 8 workers.
 -> (artifact id: '7e61d16efddf5262aba4de18c70ee9e9') in 0.010123 seconds
Number of updated asset objects reloaded before import = 0
Number of asset objects unloaded after import = 3
========================================================================
Received Import Request.
  Time since last request: 0.013151 seconds.
  path: Assets/Assets/UI Elements/Extras/Circle256/circle256.png
  artifactKey: Guid(a7cff74f45a52468eb17c034dbc90518) Importer(815301076,1909f56bfc062723c751e8b465ee728b)
Start importing Assets/Assets/UI Elements/Extras/Circle256/circle256.png using Guid(a7cff74f45a52468eb17c034dbc90518) Importer(815301076,1909f56bfc062723c751e8b465ee728b) [PhysX] Initialized MultithreadedTaskDispatcher with 8 workers.
[PhysX] Initialized MultithreadedTaskDispatcher with 8 workers.
 -> (artifact id: 'ae4bd57d8c8f105ce3173d6fda4aaf43') in 0.007709 seconds
Number of updated asset objects reloaded before import = 0
Number of asset objects unloaded after import = 3
========================================================================
Received Import Request.
  Time since last request: 0.004612 seconds.
  path: Assets/UnityCardGame-dyh/Assets/Assets/UI Elements/Extras/Circle128/circlefill4px.png
  artifactKey: Guid(1fd2e52aa1a8f4f0f896abf6094707f8) Importer(815301076,1909f56bfc062723c751e8b465ee728b)
Start importing Assets/UnityCardGame-dyh/Assets/Assets/UI Elements/Extras/Circle128/circlefill4px.png using Guid(1fd2e52aa1a8f4f0f896abf6094707f8) Importer(815301076,1909f56bfc062723c751e8b465ee728b) [PhysX] Initialized MultithreadedTaskDispatcher with 8 workers.
[PhysX] Initialized MultithreadedTaskDispatcher with 8 workers.
 -> (artifact id: '254d75de4a7a896daa48275714e7f98a') in 0.008130 seconds
Number of updated asset objects reloaded before import = 0
Number of asset objects unloaded after import = 3
========================================================================
Received Import Request.
  Time since last request: 0.000749 seconds.
  path: Assets/Assets/UI Elements/Extras/Circle128/circlefill8px.png
  artifactKey: Guid(d298e55fcf4064afaa122e9dd1b496bd) Importer(815301076,1909f56bfc062723c751e8b465ee728b)
Start importing Assets/Assets/UI Elements/Extras/Circle128/circlefill8px.png using Guid(d298e55fcf4064afaa122e9dd1b496bd) Importer(815301076,1909f56bfc062723c751e8b465ee728b) [PhysX] Initialized MultithreadedTaskDispatcher with 8 workers.
[PhysX] Initialized MultithreadedTaskDispatcher with 8 workers.
 -> (artifact id: 'a994ef44a42be9b96489854a9bed5957') in 0.012402 seconds
Number of updated asset objects reloaded before import = 0
Number of asset objects unloaded after import = 3
========================================================================
Received Import Request.
  Time since last request: 0.016600 seconds.
  path: Assets/UnityCardGame-dyh/Assets/Assets/UI Elements/Extras/Circle128/circlefill2px.png
  artifactKey: Guid(06de12deb10154098a3649d63a6b6354) Importer(815301076,1909f56bfc062723c751e8b465ee728b)
Start importing Assets/UnityCardGame-dyh/Assets/Assets/UI Elements/Extras/Circle128/circlefill2px.png using Guid(06de12deb10154098a3649d63a6b6354) Importer(815301076,1909f56bfc062723c751e8b465ee728b) [PhysX] Initialized MultithreadedTaskDispatcher with 8 workers.
[PhysX] Initialized MultithreadedTaskDispatcher with 8 workers.
 -> (artifact id: '15849957448826cab3c318c9454172d4') in 0.010301 seconds
Number of updated asset objects reloaded before import = 0
Number of asset objects unloaded after import = 3
========================================================================
Received Import Request.
  Time since last request: 0.155310 seconds.
  path: Assets/UnityCardGame-dyh/Assets/Assets/UI Elements/Extras/Circle256/circlefillRy32px256px.png
  artifactKey: Guid(a3d6ae54123d4475788b24bbabb94224) Importer(815301076,1909f56bfc062723c751e8b465ee728b)
Start importing Assets/UnityCardGame-dyh/Assets/Assets/UI Elements/Extras/Circle256/circlefillRy32px256px.png using Guid(a3d6ae54123d4475788b24bbabb94224) Importer(815301076,1909f56bfc062723c751e8b465ee728b) [PhysX] Initialized MultithreadedTaskDispatcher with 8 workers.
[PhysX] Initialized MultithreadedTaskDispatcher with 8 workers.
 -> (artifact id: 'e0b6b30f1ba8e435095ad6c74a5541ec') in 0.011981 seconds
Number of updated asset objects reloaded before import = 0
Number of asset objects unloaded after import = 3
========================================================================
Received Import Request.
  Time since last request: 0.004483 seconds.
  path: Assets/Assets/UI Elements/Extras/Circle512/circlefillRy86px512px.png
  artifactKey: Guid(03d85558241af4b9c88ff133879a29a1) Importer(815301076,1909f56bfc062723c751e8b465ee728b)
Start importing Assets/Assets/UI Elements/Extras/Circle512/circlefillRy86px512px.png using Guid(03d85558241af4b9c88ff133879a29a1) Importer(815301076,1909f56bfc062723c751e8b465ee728b) [PhysX] Initialized MultithreadedTaskDispatcher with 8 workers.
[PhysX] Initialized MultithreadedTaskDispatcher with 8 workers.
 -> (artifact id: '751cc872e6a938d76badba60d08a862a') in 0.008581 seconds
Number of updated asset objects reloaded before import = 0
Number of asset objects unloaded after import = 3
========================================================================
Received Import Request.
  Time since last request: 0.047564 seconds.
  path: Assets/UnityCardGame-dyh/Assets/Assets/UI Elements/Black/1x/cross.png
  artifactKey: Guid(a6716d695b5bb4a42a8d46c3b8436ff6) Importer(815301076,1909f56bfc062723c751e8b465ee728b)
Start importing Assets/UnityCardGame-dyh/Assets/Assets/UI Elements/Black/1x/cross.png using Guid(a6716d695b5bb4a42a8d46c3b8436ff6) Importer(815301076,1909f56bfc062723c751e8b465ee728b) [PhysX] Initialized MultithreadedTaskDispatcher with 8 workers.
[PhysX] Initialized MultithreadedTaskDispatcher with 8 workers.
 -> (artifact id: 'a63827a2f848cc9a5f68b38315ed8f47') in 0.010444 seconds
Number of updated asset objects reloaded before import = 0
Number of asset objects unloaded after import = 3
========================================================================
Received Import Request.
  Time since last request: 0.002209 seconds.
  path: Assets/UnityCardGame-dyh/Assets/Assets/UI Elements/White/2x/cross.png
  artifactKey: Guid(ba819174422bfeb4bac57853e95cc8d2) Importer(815301076,1909f56bfc062723c751e8b465ee728b)
Start importing Assets/UnityCardGame-dyh/Assets/Assets/UI Elements/White/2x/cross.png using Guid(ba819174422bfeb4bac57853e95cc8d2) Importer(815301076,1909f56bfc062723c751e8b465ee728b) [PhysX] Initialized MultithreadedTaskDispatcher with 8 workers.
[PhysX] Initialized MultithreadedTaskDispatcher with 8 workers.
 -> (artifact id: 'b81b01b9f9932c366704ca2bd19ebb3b') in 0.009200 seconds
Number of updated asset objects reloaded before import = 0
Number of asset objects unloaded after import = 3
========================================================================
Received Import Request.
  Time since last request: 0.545481 seconds.
  path: Assets/Assets/UI Elements/White/1x/down arrow.png
  artifactKey: Guid(f29778175e3e04dd38093ad0ebfb1234) Importer(815301076,1909f56bfc062723c751e8b465ee728b)
Start importing Assets/Assets/UI Elements/White/1x/down arrow.png using Guid(f29778175e3e04dd38093ad0ebfb1234) Importer(815301076,1909f56bfc062723c751e8b465ee728b) [PhysX] Initialized MultithreadedTaskDispatcher with 8 workers.
[PhysX] Initialized MultithreadedTaskDispatcher with 8 workers.
 -> (artifact id: 'a760c2044f13a9fd2dfd6581c95cc67c') in 0.007864 seconds
Number of updated asset objects reloaded before import = 0
Number of asset objects unloaded after import = 3
========================================================================
Received Import Request.
  Time since last request: 0.000448 seconds.
  path: Assets/Assets/UI Elements/Black/2x/down arrow.png
  artifactKey: Guid(e29838e0172ce4b35947a124cc5f080b) Importer(815301076,1909f56bfc062723c751e8b465ee728b)
Start importing Assets/Assets/UI Elements/Black/2x/down arrow.png using Guid(e29838e0172ce4b35947a124cc5f080b) Importer(815301076,1909f56bfc062723c751e8b465ee728b) [PhysX] Initialized MultithreadedTaskDispatcher with 8 workers.
[PhysX] Initialized MultithreadedTaskDispatcher with 8 workers.
 -> (artifact id: '29f205ba25c075e8d5689570c217c1ee') in 0.008212 seconds
Number of updated asset objects reloaded before import = 0
Number of asset objects unloaded after import = 3
========================================================================
Received Import Request.
  Time since last request: 0.045912 seconds.
  path: Assets/UnityCardGame-dyh/Assets/Assets/UI Elements/Black/2x/down arrow.png
  artifactKey: Guid(f751f978400e5486883489909e46c2fe) Importer(815301076,1909f56bfc062723c751e8b465ee728b)
Start importing Assets/UnityCardGame-dyh/Assets/Assets/UI Elements/Black/2x/down arrow.png using Guid(f751f978400e5486883489909e46c2fe) Importer(815301076,1909f56bfc062723c751e8b465ee728b) [PhysX] Initialized MultithreadedTaskDispatcher with 8 workers.
[PhysX] Initialized MultithreadedTaskDispatcher with 8 workers.
 -> (artifact id: 'f434e4f06581276b94c516945800b0bb') in 0.009252 seconds
Number of updated asset objects reloaded before import = 0
Number of asset objects unloaded after import = 3
========================================================================
Received Import Request.
  Time since last request: 0.000643 seconds.
  path: Assets/UnityCardGame-dyh/Assets/TextMesh Pro/Sprites/EmojiOne.png
  artifactKey: Guid(dffef66376be4fa480fb02b19edbe903) Importer(815301076,1909f56bfc062723c751e8b465ee728b)
Start importing Assets/UnityCardGame-dyh/Assets/TextMesh Pro/Sprites/EmojiOne.png using Guid(dffef66376be4fa480fb02b19edbe903) Importer(815301076,1909f56bfc062723c751e8b465ee728b) [PhysX] Initialized MultithreadedTaskDispatcher with 8 workers.
[PhysX] Initialized MultithreadedTaskDispatcher with 8 workers.
 -> (artifact id: 'b8dd5822b66a20c0e3577b95311be4b7') in 0.012105 seconds
Number of updated asset objects reloaded before import = 0
Number of asset objects unloaded after import = 2
========================================================================
Received Import Request.
  Time since last request: 0.011590 seconds.
  path: Assets/UnityCardGame-dyh/Assets/Assets/UI Elements/White/1x/exit right.png
  artifactKey: Guid(45c05155678814f57b3dc77dc5622a8d) Importer(815301076,1909f56bfc062723c751e8b465ee728b)
Start importing Assets/UnityCardGame-dyh/Assets/Assets/UI Elements/White/1x/exit right.png using Guid(45c05155678814f57b3dc77dc5622a8d) Importer(815301076,1909f56bfc062723c751e8b465ee728b) [PhysX] Initialized MultithreadedTaskDispatcher with 8 workers.
[PhysX] Initialized MultithreadedTaskDispatcher with 8 workers.
 -> (artifact id: 'f8ba825a2a5624f746251b883efed003') in 0.008327 seconds
Number of updated asset objects reloaded before import = 0
Number of asset objects unloaded after import = 3
========================================================================
Received Import Request.
  Time since last request: 0.000799 seconds.
  path: Assets/Assets/Raw and SpriteSheets/Extras.png
  artifactKey: Guid(b98d3c815a4a04b7b8ff897e77835c47) Importer(815301076,1909f56bfc062723c751e8b465ee728b)
Start importing Assets/Assets/Raw and SpriteSheets/Extras.png using Guid(b98d3c815a4a04b7b8ff897e77835c47) Importer(815301076,1909f56bfc062723c751e8b465ee728b) [PhysX] Initialized MultithreadedTaskDispatcher with 8 workers.
[PhysX] Initialized MultithreadedTaskDispatcher with 8 workers.
 -> (artifact id: '17411c6501d1cd12320c696bfcc91b1d') in 0.022628 seconds
Number of updated asset objects reloaded before import = 0
Number of asset objects unloaded after import = 3
========================================================================
Received Import Request.
  Time since last request: 0.533351 seconds.
  path: Assets/UnityCardGame-dyh/Assets/TextMesh Pro/Examples & Extras/Fonts/Anton.ttf
  artifactKey: Guid(997a43b767814dd0a7642ec9b78cba41) Importer(815301076,1909f56bfc062723c751e8b465ee728b)
Start importing Assets/UnityCardGame-dyh/Assets/TextMesh Pro/Examples & Extras/Fonts/Anton.ttf using Guid(997a43b767814dd0a7642ec9b78cba41) Importer(815301076,1909f56bfc062723c751e8b465ee728b) [PhysX] Initialized MultithreadedTaskDispatcher with 8 workers.
[PhysX] Initialized MultithreadedTaskDispatcher with 8 workers.
[PhysX] Initialized MultithreadedTaskDispatcher with 8 workers.
 -> (artifact id: '7a0523b0a142a2e037c10d57186ce454') in 0.131816 seconds
Number of updated asset objects reloaded before import = 0
Number of asset objects unloaded after import = 4
========================================================================
Received Import Request.
  Time since last request: 0.021999 seconds.
  path: Assets/Assets/UI Elements/Black/2x/forward.png
  artifactKey: Guid(d81bdcca9ac66451f8f2952ada7740ff) Importer(815301076,1909f56bfc062723c751e8b465ee728b)
Start importing Assets/Assets/UI Elements/Black/2x/forward.png using Guid(d81bdcca9ac66451f8f2952ada7740ff) Importer(815301076,1909f56bfc062723c751e8b465ee728b) [PhysX] Initialized MultithreadedTaskDispatcher with 8 workers.
[PhysX] Initialized MultithreadedTaskDispatcher with 8 workers.
 -> (artifact id: '1527a49eb8b2a87432dd6ee1bbc16511') in 0.011060 seconds
Number of updated asset objects reloaded before import = 0
Number of asset objects unloaded after import = 3
========================================================================
Received Import Request.
  Time since last request: 0.772151 seconds.
  path: Assets/Assets/UI Elements/Black/1x/gamepad1.png
  artifactKey: Guid(2afef8f86ea624cf89c658e93b308457) Importer(815301076,1909f56bfc062723c751e8b465ee728b)
Start importing Assets/Assets/UI Elements/Black/1x/gamepad1.png using Guid(2afef8f86ea624cf89c658e93b308457) Importer(815301076,1909f56bfc062723c751e8b465ee728b) [PhysX] Initialized MultithreadedTaskDispatcher with 8 workers.
[PhysX] Initialized MultithreadedTaskDispatcher with 8 workers.
 -> (artifact id: '214d3b785d38c1d1d3e63f14a3c27474') in 0.011250 seconds
Number of updated asset objects reloaded before import = 0
Number of asset objects unloaded after import = 3
========================================================================
Received Import Request.
  Time since last request: 0.016149 seconds.
  path: Assets/UnityCardGame-dyh/Assets/Assets/UI Elements/White/2x/gamepad2.png
  artifactKey: Guid(7482011f1dca20147b563b7b564eb262) Importer(815301076,1909f56bfc062723c751e8b465ee728b)
Start importing Assets/UnityCardGame-dyh/Assets/Assets/UI Elements/White/2x/gamepad2.png using Guid(7482011f1dca20147b563b7b564eb262) Importer(815301076,1909f56bfc062723c751e8b465ee728b) [PhysX] Initialized MultithreadedTaskDispatcher with 8 workers.
[PhysX] Initialized MultithreadedTaskDispatcher with 8 workers.
 -> (artifact id: '3591eafafb51b8a0ef3b047f8a324b8a') in 0.008780 seconds
Number of updated asset objects reloaded before import = 0
Number of asset objects unloaded after import = 3
========================================================================
Received Import Request.
  Time since last request: 0.668874 seconds.
  path: Assets/UnityCardGame-dyh/Assets/Assets/UI Elements/Black/2x/hamburger icon.png
  artifactKey: Guid(53daefc7e9a9d427bba309f21012a327) Importer(815301076,1909f56bfc062723c751e8b465ee728b)
Start importing Assets/UnityCardGame-dyh/Assets/Assets/UI Elements/Black/2x/hamburger icon.png using Guid(53daefc7e9a9d427bba309f21012a327) Importer(815301076,1909f56bfc062723c751e8b465ee728b) [PhysX] Initialized MultithreadedTaskDispatcher with 8 workers.
[PhysX] Initialized MultithreadedTaskDispatcher with 8 workers.
 -> (artifact id: 'dbffaeaf55ca5620b549691e8b0b79f2') in 0.011017 seconds
Number of updated asset objects reloaded before import = 0
Number of asset objects unloaded after import = 3
========================================================================
Received Import Request.
  Time since last request: 0.426843 seconds.
  path: Assets/Assets/UI Elements/Black/2x/home.png
  artifactKey: Guid(9a25a8fba8ef04ad196b8502a49af8d0) Importer(815301076,1909f56bfc062723c751e8b465ee728b)
Start importing Assets/Assets/UI Elements/Black/2x/home.png using Guid(9a25a8fba8ef04ad196b8502a49af8d0) Importer(815301076,1909f56bfc062723c751e8b465ee728b) [PhysX] Initialized MultithreadedTaskDispatcher with 8 workers.
[PhysX] Initialized MultithreadedTaskDispatcher with 8 workers.
 -> (artifact id: 'bba4220450da9082f6bb954314e00988') in 0.012833 seconds
Number of updated asset objects reloaded before import = 0
Number of asset objects unloaded after import = 3
========================================================================
Received Import Request.
  Time since last request: 0.031034 seconds.
  path: Assets/UnityCardGame-dyh/Assets/Assets/UI Elements/White/2x/info.png
  artifactKey: Guid(dc13b944fb4f7fe4dbea810f96b0c01f) Importer(815301076,1909f56bfc062723c751e8b465ee728b)
Start importing Assets/UnityCardGame-dyh/Assets/Assets/UI Elements/White/2x/info.png using Guid(dc13b944fb4f7fe4dbea810f96b0c01f) Importer(815301076,1909f56bfc062723c751e8b465ee728b) [PhysX] Initialized MultithreadedTaskDispatcher with 8 workers.
[PhysX] Initialized MultithreadedTaskDispatcher with 8 workers.
 -> (artifact id: 'b25033192fff423b881aa35cd9ea19be') in 0.009478 seconds
Number of updated asset objects reloaded before import = 0
Number of asset objects unloaded after import = 3
========================================================================
Received Import Request.
  Time since last request: 0.014349 seconds.
  path: Assets/UnityCardGame-dyh/Assets/2D Cards Game Art Pack/Sprites/Standard 52 Cards/Rect Cards/Clubs/Kclub.png
  artifactKey: Guid(5fb626575e9b4b14ea88ae3d4ee0dadd) Importer(815301076,1909f56bfc062723c751e8b465ee728b)
Start importing Assets/UnityCardGame-dyh/Assets/2D Cards Game Art Pack/Sprites/Standard 52 Cards/Rect Cards/Clubs/Kclub.png using Guid(5fb626575e9b4b14ea88ae3d4ee0dadd) Importer(815301076,1909f56bfc062723c751e8b465ee728b) [PhysX] Initialized MultithreadedTaskDispatcher with 8 workers.
[PhysX] Initialized MultithreadedTaskDispatcher with 8 workers.
 -> (artifact id: 'fedddce29f8d46e34e4489d952eed0bf') in 0.008363 seconds
Number of updated asset objects reloaded before import = 0
Number of asset objects unloaded after import = 3
========================================================================
Received Prepare
Caller must complete domain reload
Begin MonoManager ReloadAssembly
Thread 0x29c887000 may have been prematurely finalized
- Loaded All Assemblies, in  1.075 seconds
Native extension for OSXStandalone target not found
Mono: successfully reloaded assembly
- Finished resetting the current domain, in  0.737 seconds
Domain Reload Profiling: 1813ms
	BeginReloadAssembly (687ms)
		ExecutionOrderSort (0ms)
		DisableScriptedObjects (520ms)
		BackupInstance (0ms)
		ReleaseScriptingObjects (0ms)
		CreateAndSetChildDomain (88ms)
	RebuildCommonClasses (34ms)
	RebuildNativeTypeToScriptingClass (8ms)
	initialDomainReloadingComplete (28ms)
	LoadAllAssembliesAndSetupDomain (320ms)
		LoadAssemblies (357ms)
		RebuildTransferFunctionScriptingTraits (0ms)
		AnalyzeDomain (18ms)
			TypeCache.Refresh (7ms)
				TypeCache.ScanAssembly (0ms)
			ScanForSourceGeneratedMonoScriptInfo (0ms)
			ResolveRequiredComponents (10ms)
	FinalizeReload (737ms)
		ReleaseScriptCaches (0ms)
		RebuildScriptCaches (0ms)
		SetupLoadedEditorAssemblies (541ms)
			LogAssemblyErrors (0ms)
			InitializePlatformSupportModulesInManaged (3ms)
			SetLoadedEditorAssemblies (3ms)
			RefreshPlugins (0ms)
			BeforeProcessingInitializeOnLoad (68ms)
			ProcessInitializeOnLoadAttributes (439ms)
			ProcessInitializeOnLoadMethodAttributes (26ms)
			AfterProcessingInitializeOnLoad (1ms)
			EditorAssembliesLoaded (0ms)
		ExecutionOrderSort2 (0ms)
		AwakeInstancesAfterBackupRestoration (7ms)
Refreshing native plugins compatible for Editor in 1.22 ms, found 3 plugins.
Preloading 0 native plugins for Editor in 0.00 ms.
Unloading 4093 Unused Serialized files (Serialized files now loaded: 0)
Unloading 19 unused Assets / (31.1 KB). Loaded Objects now: 4680.
Memory consumption went from 168.3 MB to 168.3 MB.
Total: 4.862125 ms (FindLiveObjects: 0.160750 ms CreateObjectMapping: 0.056459 ms MarkObjects: 4.537416 ms  DeleteObjects: 0.106000 ms)

Prepare: number of updated asset objects reloaded= 0
AssetImportParameters requested are different than current active one (requested -> active):
  custom:container-demuxer-ogg: 62fdf1f143b41e24485cea50d1cbac27 -> 
  custom:video-decoder-ogg-theora: a1e56fd34408186e4bbccfd4996cb3dc -> 
  custom:CustomObjectIndexerAttribute: 9a22284fe3817be447336de3de66b15e -> 
  custom:container-demuxer-webm: 4f35f7cbe854078d1ac9338744f61a02 -> 
  custom:container-muxer-webm: aa71ff27fc2769a1b78a27578f13a17b -> 
  custom:video-decoder-webm-vp8: 9c59270c3fd7afecdb556c50c9e8de78 -> 
  custom:SearchIndexIgnoredProperties: e643bd26f0fe6173181afceb89e7c659 -> 
  custom:AudioImporter_EditorPlatform: 3918e3fc78b5a79bad01e8451be0beb8 -> 
  custom:framework-osx-AVFoundation: e770b220cccbd017edd2c1fefb359320 -> 
  custom:video-encoder-webm-vp8: eb34c28f22e8b96e1ab97ce403110664 -> 
  custom:audio-decoder-ogg-vorbis: bf7c407c2cedff20999df2af8eb42d56 -> 
  custom:audio-encoder-webm-vorbis: bf7c407c2cedff20999df2af8eb42d56 -> 
Editor requested this worker to shutdown with reason: Scaling down because of idle timeout
TcpMessagingSession - receive error: operation aborted. errorcode: 89, details: Operation aborted.
AssetImportWorker is now disconnected from the server
Process exiting
