Using pre-set license
Built from '2022.3/china_unity/release' branch; Version is '2022.3.57f1c1 (eb23a28857f9) revision 15410082'; Using compiler version '192829333'; Build Type 'Release'
OS: 'Windows 11  (10.0.26100) 64bit CoreCountrySpecific' Language: 'zh' Physical Memory: 14029 MB
BatchMode: 1, IsHumanControllingUs: 0, StartBugReporterOnCrash: 0, Is64bit: 1, IsPro: 1

COMMAND LINE ARGUMENTS:
E:\unity_editor\2022.3.57f1c1\Editor\Unity.exe
-adb2
-batchMode
-noUpm
-name
AssetImportWorker4
-projectPath
E:/final/map
-logFile
Logs/AssetImportWorker4.log
-srvPort
57882
Successfully changed project path to: E:/final/map
E:/final/map
[UnityMemory] Configuration Parameters - Can be set up in boot.config
    "memorysetup-bucket-allocator-granularity=16"
    "memorysetup-bucket-allocator-bucket-count=8"
    "memorysetup-bucket-allocator-block-size=33554432"
    "memorysetup-bucket-allocator-block-count=8"
    "memorysetup-main-allocator-block-size=16777216"
    "memorysetup-thread-allocator-block-size=16777216"
    "memorysetup-gfx-main-allocator-block-size=16777216"
    "memorysetup-gfx-thread-allocator-block-size=16777216"
    "memorysetup-cache-allocator-block-size=4194304"
    "memorysetup-typetree-allocator-block-size=2097152"
    "memorysetup-profiler-bucket-allocator-granularity=16"
    "memorysetup-profiler-bucket-allocator-bucket-count=8"
    "memorysetup-profiler-bucket-allocator-block-size=33554432"
    "memorysetup-profiler-bucket-allocator-block-count=8"
    "memorysetup-profiler-allocator-block-size=16777216"
    "memorysetup-profiler-editor-allocator-block-size=1048576"
    "memorysetup-temp-allocator-size-main=16777216"
    "memorysetup-job-temp-allocator-block-size=2097152"
    "memorysetup-job-temp-allocator-block-size-background=1048576"
    "memorysetup-job-temp-allocator-reduction-small-platforms=262144"
    "memorysetup-allocator-temp-initial-block-size-main=262144"
    "memorysetup-allocator-temp-initial-block-size-worker=262144"
    "memorysetup-temp-allocator-size-background-worker=32768"
    "memorysetup-temp-allocator-size-job-worker=262144"
    "memorysetup-temp-allocator-size-preload-manager=33554432"
    "memorysetup-temp-allocator-size-nav-mesh-worker=65536"
    "memorysetup-temp-allocator-size-audio-worker=65536"
    "memorysetup-temp-allocator-size-cloud-worker=32768"
    "memorysetup-temp-allocator-size-gi-baking-worker=262144"
    "memorysetup-temp-allocator-size-gfx=262144"
Player connection [29460]  Target information:

Player connection [29460]  * "[IP] 10.133.132.184 [Port] 0 [Flags] 2 [Guid] 170013738 [EditorId] 170013738 [Version] 1048832 [Id] WindowsEditor(7,xdmtx) [Debug] 1 [PackageName] WindowsEditor [ProjectName] Editor" 

Player connection [29460] Host joined multi-casting on [225.0.0.222:54997]...
Player connection [29460] Host joined alternative multi-casting on [225.0.0.222:34997]...
Input System module state changed to: Initialized.
[PhysX] Initialized MultithreadedTaskDispatcher with 32 workers.
Refreshing native plugins compatible for Editor in 6.48 ms, found 4 plugins.
Preloading 0 native plugins for Editor in 0.00 ms.
Initialize engine version: 2022.3.57f1c1 (eb23a28857f9)
[Subsystems] Discovering subsystems at path E:/unity_editor/2022.3.57f1c1/Editor/Data/Resources/UnitySubsystems
[Subsystems] Discovering subsystems at path E:/final/map/Assets
GfxDevice: creating device client; threaded=0; jobified=0
Direct3D:
    Version:  Direct3D 11.0 [level 11.1]
    Renderer: NVIDIA GeForce RTX 4060 Laptop GPU (ID=0x28e0)
    Vendor:   NVIDIA
    VRAM:     7957 MB
    Driver:   32.0.15.7240
Initialize mono
Mono path[0] = 'E:/unity_editor/2022.3.57f1c1/Editor/Data/Managed'
Mono path[1] = 'E:/unity_editor/2022.3.57f1c1/Editor/Data/MonoBleedingEdge/lib/mono/unityjit-win32'
Mono config path = 'E:/unity_editor/2022.3.57f1c1/Editor/Data/MonoBleedingEdge/etc'
Using monoOptions --debugger-agent=transport=dt_socket,embedding=1,server=y,suspend=n,address=127.0.0.1:56796
Begin MonoManager ReloadAssembly
Registering precompiled unity dll's ...
Register platform support module: E:/unity_editor/2022.3.57f1c1/Editor/Data/PlaybackEngines/WindowsStandaloneSupport/UnityEditor.WindowsStandalone.Extensions.dll
Registered in 0.002360 seconds.
- Loaded All Assemblies, in  0.411 seconds
Native extension for WindowsStandalone target not found
Mono: successfully reloaded assembly
- Finished resetting the current domain, in  0.320 seconds
Domain Reload Profiling: 730ms
	BeginReloadAssembly (132ms)
		ExecutionOrderSort (0ms)
		DisableScriptedObjects (0ms)
		BackupInstance (0ms)
		ReleaseScriptingObjects (0ms)
		CreateAndSetChildDomain (1ms)
	RebuildCommonClasses (38ms)
	RebuildNativeTypeToScriptingClass (11ms)
	initialDomainReloadingComplete (49ms)
	LoadAllAssembliesAndSetupDomain (180ms)
		LoadAssemblies (131ms)
		RebuildTransferFunctionScriptingTraits (0ms)
		AnalyzeDomain (179ms)
			TypeCache.Refresh (177ms)
				TypeCache.ScanAssembly (164ms)
			ScanForSourceGeneratedMonoScriptInfo (0ms)
			ResolveRequiredComponents (0ms)
	FinalizeReload (320ms)
		ReleaseScriptCaches (0ms)
		RebuildScriptCaches (0ms)
		SetupLoadedEditorAssemblies (267ms)
			LogAssemblyErrors (0ms)
			InitializePlatformSupportModulesInManaged (9ms)
			SetLoadedEditorAssemblies (9ms)
			RefreshPlugins (0ms)
			BeforeProcessingInitializeOnLoad (3ms)
			ProcessInitializeOnLoadAttributes (191ms)
			ProcessInitializeOnLoadMethodAttributes (55ms)
			AfterProcessingInitializeOnLoad (0ms)
			EditorAssembliesLoaded (0ms)
		ExecutionOrderSort2 (0ms)
		AwakeInstancesAfterBackupRestoration (0ms)
========================================================================
Worker process is ready to serve import requests
Caller must complete domain reload
Begin MonoManager ReloadAssembly
- Loaded All Assemblies, in  1.199 seconds
Native extension for WindowsStandalone target not found
Mono: successfully reloaded assembly
- Finished resetting the current domain, in  0.813 seconds
Domain Reload Profiling: 2014ms
	BeginReloadAssembly (169ms)
		ExecutionOrderSort (0ms)
		DisableScriptedObjects (5ms)
		BackupInstance (0ms)
		ReleaseScriptingObjects (0ms)
		CreateAndSetChildDomain (23ms)
	RebuildCommonClasses (37ms)
	RebuildNativeTypeToScriptingClass (11ms)
	initialDomainReloadingComplete (38ms)
	LoadAllAssembliesAndSetupDomain (945ms)
		LoadAssemblies (804ms)
		RebuildTransferFunctionScriptingTraits (0ms)
		AnalyzeDomain (248ms)
			TypeCache.Refresh (205ms)
				TypeCache.ScanAssembly (183ms)
			ScanForSourceGeneratedMonoScriptInfo (35ms)
			ResolveRequiredComponents (7ms)
	FinalizeReload (814ms)
		ReleaseScriptCaches (0ms)
		RebuildScriptCaches (0ms)
		SetupLoadedEditorAssemblies (562ms)
			LogAssemblyErrors (0ms)
			InitializePlatformSupportModulesInManaged (5ms)
			SetLoadedEditorAssemblies (6ms)
			RefreshPlugins (0ms)
			BeforeProcessingInitializeOnLoad (98ms)
			ProcessInitializeOnLoadAttributes (410ms)
			ProcessInitializeOnLoadMethodAttributes (40ms)
			AfterProcessingInitializeOnLoad (4ms)
			EditorAssembliesLoaded (0ms)
		ExecutionOrderSort2 (0ms)
		AwakeInstancesAfterBackupRestoration (11ms)
Launched and connected shader compiler UnityShaderCompiler.exe after 0.19 seconds
Refreshing native plugins compatible for Editor in 4.22 ms, found 4 plugins.
Preloading 0 native plugins for Editor in 0.00 ms.
Unloading 4118 Unused Serialized files (Serialized files now loaded: 0)
Unloading 31 unused Assets / (29.7 KB). Loaded Objects now: 4601.
Memory consumption went from 155.0 MB to 155.0 MB.
Total: 7.536700 ms (FindLiveObjects: 0.537400 ms CreateObjectMapping: 0.195400 ms MarkObjects: 6.651000 ms  DeleteObjects: 0.150600 ms)

AssetImportParameters requested are different than current active one (requested -> active):
  custom:container-demuxer-ogg: 62fdf1f143b41e24485cea50d1cbac27 -> 
  custom:video-codec-MediaFoundation-h265: 746d11721c4dcdbdad8f713fa42b33f4 -> 
  custom:video-decoder-ogg-theora: a1e56fd34408186e4bbccfd4996cb3dc -> 
  custom:framework-win-MediaFoundation: 216162199b28c13a410421893ffa2e32 -> 
  custom:CustomObjectIndexerAttribute: 9a22284fe3817be447336de3de66b15e -> 
  custom:container-demuxer-webm: 4f35f7cbe854078d1ac9338744f61a02 -> 
  custom:container-muxer-webm: aa71ff27fc2769a1b78a27578f13a17b -> 
  custom:video-decoder-webm-vp8: 9c59270c3fd7afecdb556c50c9e8de78 -> 
  custom:SearchIndexIgnoredProperties: e643bd26f0fe6173181afceb89e7c659 -> 
  custom:AudioImporter_EditorPlatform: d09bf68614088b80899f8185d706f6e7 -> 
  custom:video-encoder-webm-vp8: eb34c28f22e8b96e1ab97ce403110664 -> 
  custom:audio-decoder-ogg-vorbis: bf7c407c2cedff20999df2af8eb42d56 -> 
  custom:audio-encoder-webm-vorbis: bf7c407c2cedff20999df2af8eb42d56 -> 
========================================================================
Received Import Request.
  Time since last request: 114350.373951 seconds.
  path: Assets/UnityCardGame-dyh/Assets/2D Cards Game Art Pack/Sprites/Standard 52 Cards/Rect Cards/Diamonds/Qdiamond.png
  artifactKey: Guid(56d3710c4f172e345a7f8caeadf2c023) Importer(815301076,1909f56bfc062723c751e8b465ee728b)
Start importing Assets/UnityCardGame-dyh/Assets/2D Cards Game Art Pack/Sprites/Standard 52 Cards/Rect Cards/Diamonds/Qdiamond.png using Guid(56d3710c4f172e345a7f8caeadf2c023) Importer(815301076,1909f56bfc062723c751e8b465ee728b) [PhysX] Initialized MultithreadedTaskDispatcher with 32 workers.
[PhysX] Initialized MultithreadedTaskDispatcher with 32 workers.
 -> (artifact id: '90598c22202f55c37efb42f4f4a0cb79') in 0.137298 seconds
Number of updated asset objects reloaded before import = 0
Number of asset objects unloaded after import = 3
========================================================================
Received Import Request.
  Time since last request: 0.000051 seconds.
  path: Assets/UnityCardGame-dyh/Assets/Assets/UI Elements/Black/1x/north-east arrow.png
  artifactKey: Guid(2d91a371db7d14e56af9bc9c3c4dc070) Importer(815301076,1909f56bfc062723c751e8b465ee728b)
Start importing Assets/UnityCardGame-dyh/Assets/Assets/UI Elements/Black/1x/north-east arrow.png using Guid(2d91a371db7d14e56af9bc9c3c4dc070) Importer(815301076,1909f56bfc062723c751e8b465ee728b) [PhysX] Initialized MultithreadedTaskDispatcher with 32 workers.
[PhysX] Initialized MultithreadedTaskDispatcher with 32 workers.
 -> (artifact id: '667957f9221a140608995fcfe131f89f') in 0.027878 seconds
Number of updated asset objects reloaded before import = 0
Number of asset objects unloaded after import = 3
========================================================================
Received Import Request.
  Time since last request: 0.000034 seconds.
  path: Assets/UnityCardGame-dyh/Assets/Assets/UI Elements/Black/1x/south-east arrow.png
  artifactKey: Guid(45959d8a8534b4bb9a707a68a3534d13) Importer(815301076,1909f56bfc062723c751e8b465ee728b)
Start importing Assets/UnityCardGame-dyh/Assets/Assets/UI Elements/Black/1x/south-east arrow.png using Guid(45959d8a8534b4bb9a707a68a3534d13) Importer(815301076,1909f56bfc062723c751e8b465ee728b) [PhysX] Initialized MultithreadedTaskDispatcher with 32 workers.
[PhysX] Initialized MultithreadedTaskDispatcher with 32 workers.
 -> (artifact id: 'f5778970376debea0f3464451f11fa48') in 0.030865 seconds
Number of updated asset objects reloaded before import = 0
Number of asset objects unloaded after import = 3
========================================================================
Received Import Request.
  Time since last request: 0.000038 seconds.
  path: Assets/UnityCardGame-dyh/Assets/Assets/UI Elements/Extras/Rects/roundRect2px.png
  artifactKey: Guid(7009502a940d043e99a3f89436085cfb) Importer(815301076,1909f56bfc062723c751e8b465ee728b)
Start importing Assets/UnityCardGame-dyh/Assets/Assets/UI Elements/Extras/Rects/roundRect2px.png using Guid(7009502a940d043e99a3f89436085cfb) Importer(815301076,1909f56bfc062723c751e8b465ee728b) [PhysX] Initialized MultithreadedTaskDispatcher with 32 workers.
[PhysX] Initialized MultithreadedTaskDispatcher with 32 workers.
 -> (artifact id: 'f20986d61aba0db987fd94ba7c9c1ddc') in 0.037133 seconds
Number of updated asset objects reloaded before import = 0
Number of asset objects unloaded after import = 3
========================================================================
Received Import Request.
  Time since last request: 0.000233 seconds.
  path: Assets/UnityCardGame-dyh/Assets/Assets/UI Elements/White/1x/star.png
  artifactKey: Guid(c9048b324ade64ce7914cceebf3654b3) Importer(815301076,1909f56bfc062723c751e8b465ee728b)
Start importing Assets/UnityCardGame-dyh/Assets/Assets/UI Elements/White/1x/star.png using Guid(c9048b324ade64ce7914cceebf3654b3) Importer(815301076,1909f56bfc062723c751e8b465ee728b) [PhysX] Initialized MultithreadedTaskDispatcher with 32 workers.
[PhysX] Initialized MultithreadedTaskDispatcher with 32 workers.
 -> (artifact id: '8a9b882ec18b58f6e490313da58d5333') in 0.030038 seconds
Number of updated asset objects reloaded before import = 0
Number of asset objects unloaded after import = 3
========================================================================
Received Import Request.
  Time since last request: 0.000030 seconds.
  path: Assets/Assets/UI Elements/White/2x/lock.png
  artifactKey: Guid(5b8d35a239bb14b218ebe885216658e0) Importer(815301076,1909f56bfc062723c751e8b465ee728b)
Start importing Assets/Assets/UI Elements/White/2x/lock.png using Guid(5b8d35a239bb14b218ebe885216658e0) Importer(815301076,1909f56bfc062723c751e8b465ee728b) [PhysX] Initialized MultithreadedTaskDispatcher with 32 workers.
[PhysX] Initialized MultithreadedTaskDispatcher with 32 workers.
 -> (artifact id: '6cb69d269fe2589af3d49a886e001a9b') in 0.043503 seconds
Number of updated asset objects reloaded before import = 0
Number of asset objects unloaded after import = 3
========================================================================
Received Import Request.
  Time since last request: 0.000032 seconds.
  path: Assets/UnityCardGame-dyh/Assets/Assets/UI Elements/Black/2x/menu1.png
  artifactKey: Guid(e2d8caa64e8a54fc0a2fc2906ecb0039) Importer(815301076,1909f56bfc062723c751e8b465ee728b)
Start importing Assets/UnityCardGame-dyh/Assets/Assets/UI Elements/Black/2x/menu1.png using Guid(e2d8caa64e8a54fc0a2fc2906ecb0039) Importer(815301076,1909f56bfc062723c751e8b465ee728b) [PhysX] Initialized MultithreadedTaskDispatcher with 32 workers.
[PhysX] Initialized MultithreadedTaskDispatcher with 32 workers.
 -> (artifact id: '1062278d196ae1beec9e465a5dbf0138') in 0.026171 seconds
Number of updated asset objects reloaded before import = 0
Number of asset objects unloaded after import = 3
========================================================================
Received Import Request.
  Time since last request: 0.000071 seconds.
  path: Assets/Assets/UI Elements/White/1x/south-west arrow.png
  artifactKey: Guid(ead8d8bbf46e94c7dac795a0dd10c0d2) Importer(815301076,1909f56bfc062723c751e8b465ee728b)
Start importing Assets/Assets/UI Elements/White/1x/south-west arrow.png using Guid(ead8d8bbf46e94c7dac795a0dd10c0d2) Importer(815301076,1909f56bfc062723c751e8b465ee728b) [PhysX] Initialized MultithreadedTaskDispatcher with 32 workers.
[PhysX] Initialized MultithreadedTaskDispatcher with 32 workers.
 -> (artifact id: '01a90772aa90c2aefed05c7238f26a1f') in 0.027540 seconds
Number of updated asset objects reloaded before import = 0
Number of asset objects unloaded after import = 3
========================================================================
Received Import Request.
  Time since last request: 0.000072 seconds.
  path: Assets/Assets/UI Elements/Black/1x/music off.png
  artifactKey: Guid(c62fbb12d564c40968415500ab621765) Importer(815301076,1909f56bfc062723c751e8b465ee728b)
Start importing Assets/Assets/UI Elements/Black/1x/music off.png using Guid(c62fbb12d564c40968415500ab621765) Importer(815301076,1909f56bfc062723c751e8b465ee728b) [PhysX] Initialized MultithreadedTaskDispatcher with 32 workers.
[PhysX] Initialized MultithreadedTaskDispatcher with 32 workers.
 -> (artifact id: '15ac56e9f2904d61d1c1946827cce835') in 0.009387 seconds
Number of updated asset objects reloaded before import = 0
Number of asset objects unloaded after import = 3
========================================================================
Received Import Request.
  Time since last request: 0.000035 seconds.
  path: Assets/UnityCardGame-dyh/Assets/Assets/UI Elements/White/2x/left exit.png
  artifactKey: Guid(57648d64ce9e1604db37d0cd624c2346) Importer(815301076,1909f56bfc062723c751e8b465ee728b)
Start importing Assets/UnityCardGame-dyh/Assets/Assets/UI Elements/White/2x/left exit.png using Guid(57648d64ce9e1604db37d0cd624c2346) Importer(815301076,1909f56bfc062723c751e8b465ee728b) [PhysX] Initialized MultithreadedTaskDispatcher with 32 workers.
[PhysX] Initialized MultithreadedTaskDispatcher with 32 workers.
 -> (artifact id: 'dca80cb1f7cf704eceb38fef39c1c90e') in 0.024913 seconds
Number of updated asset objects reloaded before import = 0
Number of asset objects unloaded after import = 3
========================================================================
Received Import Request.
  Time since last request: 0.000029 seconds.
  path: Assets/Assets/UI Elements/Extras/Rects/roundRect4px.png
  artifactKey: Guid(69aef5f9360554077a1e7247688ed137) Importer(815301076,1909f56bfc062723c751e8b465ee728b)
Start importing Assets/Assets/UI Elements/Extras/Rects/roundRect4px.png using Guid(69aef5f9360554077a1e7247688ed137) Importer(815301076,1909f56bfc062723c751e8b465ee728b) [PhysX] Initialized MultithreadedTaskDispatcher with 32 workers.
[PhysX] Initialized MultithreadedTaskDispatcher with 32 workers.
 -> (artifact id: 'c28db60e94eb4270011a8665a13a0327') in 0.029119 seconds
Number of updated asset objects reloaded before import = 0
Number of asset objects unloaded after import = 3
========================================================================
Received Import Request.
  Time since last request: 0.000024 seconds.
  path: Assets/UnityCardGame-dyh/Assets/Assets/UI Elements/White/1x/right arrow.png
  artifactKey: Guid(363a09b517def47f68c0b93fcf0c3dca) Importer(815301076,1909f56bfc062723c751e8b465ee728b)
Start importing Assets/UnityCardGame-dyh/Assets/Assets/UI Elements/White/1x/right arrow.png using Guid(363a09b517def47f68c0b93fcf0c3dca) Importer(815301076,1909f56bfc062723c751e8b465ee728b) [PhysX] Initialized MultithreadedTaskDispatcher with 32 workers.
[PhysX] Initialized MultithreadedTaskDispatcher with 32 workers.
 -> (artifact id: 'd19a40ed27df3c6bb56338070a73c8c5') in 0.028388 seconds
Number of updated asset objects reloaded before import = 0
Number of asset objects unloaded after import = 3
========================================================================
Received Import Request.
  Time since last request: 0.000031 seconds.
  path: Assets/Assets/UI Elements/White/1x/star.png
  artifactKey: Guid(5fd8e53122e7a4c18aef487ff762bad4) Importer(815301076,1909f56bfc062723c751e8b465ee728b)
Start importing Assets/Assets/UI Elements/White/1x/star.png using Guid(5fd8e53122e7a4c18aef487ff762bad4) Importer(815301076,1909f56bfc062723c751e8b465ee728b) [PhysX] Initialized MultithreadedTaskDispatcher with 32 workers.
[PhysX] Initialized MultithreadedTaskDispatcher with 32 workers.
 -> (artifact id: 'f361d1395e04a626f20bea56d930e8cd') in 0.011734 seconds
Number of updated asset objects reloaded before import = 0
Number of asset objects unloaded after import = 3
========================================================================
Received Import Request.
  Time since last request: 0.000025 seconds.
  path: Assets/Assets/UI Elements/White/1x/up.png
  artifactKey: Guid(e267351171ba948b88e24243aef72a8f) Importer(815301076,1909f56bfc062723c751e8b465ee728b)
Start importing Assets/Assets/UI Elements/White/1x/up.png using Guid(e267351171ba948b88e24243aef72a8f) Importer(815301076,1909f56bfc062723c751e8b465ee728b) [PhysX] Initialized MultithreadedTaskDispatcher with 32 workers.
[PhysX] Initialized MultithreadedTaskDispatcher with 32 workers.
 -> (artifact id: '9506652d50586a0af23dcd1f0ca5366e') in 0.030451 seconds
Number of updated asset objects reloaded before import = 0
Number of asset objects unloaded after import = 3
========================================================================
Received Import Request.
  Time since last request: 0.000028 seconds.
  path: Assets/UnityCardGame-dyh/Assets/Assets/UI Elements/Black/2x/yes-tic.png
  artifactKey: Guid(02b497e4ca0884ef482f892a7ea40cb9) Importer(815301076,1909f56bfc062723c751e8b465ee728b)
Start importing Assets/UnityCardGame-dyh/Assets/Assets/UI Elements/Black/2x/yes-tic.png using Guid(02b497e4ca0884ef482f892a7ea40cb9) Importer(815301076,1909f56bfc062723c751e8b465ee728b) [PhysX] Initialized MultithreadedTaskDispatcher with 32 workers.
[PhysX] Initialized MultithreadedTaskDispatcher with 32 workers.
 -> (artifact id: '077c2e497839cb9fda819a5abf1a4e4f') in 0.014711 seconds
Number of updated asset objects reloaded before import = 0
Number of asset objects unloaded after import = 3
========================================================================
Received Import Request.
  Time since last request: 0.000057 seconds.
  path: Assets/Assets/UI Elements/White/2x/north-west arrow.png
  artifactKey: Guid(c03c672a47242450f8c941a9b9b54d0f) Importer(815301076,1909f56bfc062723c751e8b465ee728b)
Start importing Assets/Assets/UI Elements/White/2x/north-west arrow.png using Guid(c03c672a47242450f8c941a9b9b54d0f) Importer(815301076,1909f56bfc062723c751e8b465ee728b) [PhysX] Initialized MultithreadedTaskDispatcher with 32 workers.
[PhysX] Initialized MultithreadedTaskDispatcher with 32 workers.
 -> (artifact id: '689665cb61b4fdbbf1ddd6cc53224349') in 0.010318 seconds
Number of updated asset objects reloaded before import = 0
Number of asset objects unloaded after import = 3
========================================================================
Received Import Request.
  Time since last request: 0.000023 seconds.
  path: Assets/UnityCardGame-dyh/Assets/Assets/UI Elements/White/1x/mic on.png
  artifactKey: Guid(3dc443aaec1f241afae7e8c1b0e714a2) Importer(815301076,1909f56bfc062723c751e8b465ee728b)
Start importing Assets/UnityCardGame-dyh/Assets/Assets/UI Elements/White/1x/mic on.png using Guid(3dc443aaec1f241afae7e8c1b0e714a2) Importer(815301076,1909f56bfc062723c751e8b465ee728b) [PhysX] Initialized MultithreadedTaskDispatcher with 32 workers.
[PhysX] Initialized MultithreadedTaskDispatcher with 32 workers.
 -> (artifact id: 'ebcf0643ebbf773814f52476a0ae232e') in 0.024280 seconds
Number of updated asset objects reloaded before import = 0
Number of asset objects unloaded after import = 3
========================================================================
Received Import Request.
  Time since last request: 0.000036 seconds.
  path: Assets/UnityCardGame-dyh/Assets/Assets/UI Elements/White/1x/unlock.png
  artifactKey: Guid(6e1557181ff224ec0a3464326a3e314c) Importer(815301076,1909f56bfc062723c751e8b465ee728b)
Start importing Assets/UnityCardGame-dyh/Assets/Assets/UI Elements/White/1x/unlock.png using Guid(6e1557181ff224ec0a3464326a3e314c) Importer(815301076,1909f56bfc062723c751e8b465ee728b) [PhysX] Initialized MultithreadedTaskDispatcher with 32 workers.
[PhysX] Initialized MultithreadedTaskDispatcher with 32 workers.
 -> (artifact id: '82855e8040cdfe95f5cddbf67837591f') in 0.027172 seconds
Number of updated asset objects reloaded before import = 0
Number of asset objects unloaded after import = 3
========================================================================
Received Import Request.
  Time since last request: 0.000043 seconds.
  path: Assets/Assets/UI Elements/Black/2x/pause.png
  artifactKey: Guid(e31d4fbed0d9748cf932f06be7e0e973) Importer(815301076,1909f56bfc062723c751e8b465ee728b)
Start importing Assets/Assets/UI Elements/Black/2x/pause.png using Guid(e31d4fbed0d9748cf932f06be7e0e973) Importer(815301076,1909f56bfc062723c751e8b465ee728b) [PhysX] Initialized MultithreadedTaskDispatcher with 32 workers.
[PhysX] Initialized MultithreadedTaskDispatcher with 32 workers.
 -> (artifact id: '432f2a26fe8e9704c73a89df98cd3e3f') in 0.030085 seconds
Number of updated asset objects reloaded before import = 0
Number of asset objects unloaded after import = 3
========================================================================
Received Import Request.
  Time since last request: 0.000025 seconds.
  path: Assets/Assets/UI Elements/Black/2x/sign2.png
  artifactKey: Guid(cf0606c89bb1f4de8acf5e6253c0c54f) Importer(815301076,1909f56bfc062723c751e8b465ee728b)
Start importing Assets/Assets/UI Elements/Black/2x/sign2.png using Guid(cf0606c89bb1f4de8acf5e6253c0c54f) Importer(815301076,1909f56bfc062723c751e8b465ee728b) [PhysX] Initialized MultithreadedTaskDispatcher with 32 workers.
[PhysX] Initialized MultithreadedTaskDispatcher with 32 workers.
 -> (artifact id: '98e646d64d3ba5b07100658d7ba64ce0') in 0.011940 seconds
Number of updated asset objects reloaded before import = 0
Number of asset objects unloaded after import = 3
========================================================================
Received Import Request.
  Time since last request: 0.000033 seconds.
  path: Assets/Assets/UI Elements/White/1x/mic off.png
  artifactKey: Guid(0769f2fd523364255b28b11f41994ae0) Importer(815301076,1909f56bfc062723c751e8b465ee728b)
Start importing Assets/Assets/UI Elements/White/1x/mic off.png using Guid(0769f2fd523364255b28b11f41994ae0) Importer(815301076,1909f56bfc062723c751e8b465ee728b) [PhysX] Initialized MultithreadedTaskDispatcher with 32 workers.
[PhysX] Initialized MultithreadedTaskDispatcher with 32 workers.
 -> (artifact id: '5a14d6b86c3dd65155fdd85c7ba3d3ea') in 0.018525 seconds
Number of updated asset objects reloaded before import = 0
Number of asset objects unloaded after import = 3
========================================================================
Received Import Request.
  Time since last request: 0.000041 seconds.
  path: Assets/UnityCardGame-dyh/Assets/Assets/UI Elements/Black/1x/mic off.png
  artifactKey: Guid(42b2f707698f6408ebca245822dac87e) Importer(815301076,1909f56bfc062723c751e8b465ee728b)
Start importing Assets/UnityCardGame-dyh/Assets/Assets/UI Elements/Black/1x/mic off.png using Guid(42b2f707698f6408ebca245822dac87e) Importer(815301076,1909f56bfc062723c751e8b465ee728b) [PhysX] Initialized MultithreadedTaskDispatcher with 32 workers.
[PhysX] Initialized MultithreadedTaskDispatcher with 32 workers.
 -> (artifact id: 'a077ea3c81b284314e2412d5e8c9dea9') in 0.009779 seconds
Number of updated asset objects reloaded before import = 0
Number of asset objects unloaded after import = 3
========================================================================
Received Import Request.
  Time since last request: 0.000031 seconds.
  path: Assets/UnityCardGame-dyh/Assets/Assets/UI Elements/Black/2x/right arrow.png
  artifactKey: Guid(3dc7e9c581531442bb5f496eec8db701) Importer(815301076,1909f56bfc062723c751e8b465ee728b)
Start importing Assets/UnityCardGame-dyh/Assets/Assets/UI Elements/Black/2x/right arrow.png using Guid(3dc7e9c581531442bb5f496eec8db701) Importer(815301076,1909f56bfc062723c751e8b465ee728b) [PhysX] Initialized MultithreadedTaskDispatcher with 32 workers.
[PhysX] Initialized MultithreadedTaskDispatcher with 32 workers.
 -> (artifact id: 'aa3e30de3c1fb664529c48ec2830be5f') in 0.027569 seconds
Number of updated asset objects reloaded before import = 0
Number of asset objects unloaded after import = 3
========================================================================
Received Import Request.
  Time since last request: 0.000028 seconds.
  path: Assets/UnityCardGame-dyh/Assets/Assets/UI Elements/Extras/Rects/rectRy8.png
  artifactKey: Guid(5ba3756de28f3407987c648f1e0c3a2c) Importer(815301076,1909f56bfc062723c751e8b465ee728b)
Start importing Assets/UnityCardGame-dyh/Assets/Assets/UI Elements/Extras/Rects/rectRy8.png using Guid(5ba3756de28f3407987c648f1e0c3a2c) Importer(815301076,1909f56bfc062723c751e8b465ee728b) [PhysX] Initialized MultithreadedTaskDispatcher with 32 workers.
[PhysX] Initialized MultithreadedTaskDispatcher with 32 workers.
 -> (artifact id: 'eb4bde5de6b2be1c946aabb087325edc') in 0.015095 seconds
Number of updated asset objects reloaded before import = 0
Number of asset objects unloaded after import = 3
========================================================================
Received Import Request.
  Time since last request: 0.000028 seconds.
  path: Assets/UnityCardGame-dyh/Assets/Assets/UI Elements/White/1x/south-east arrow.png
  artifactKey: Guid(1f5dc0ea4c61543de9cdfb51a9f46dd0) Importer(815301076,1909f56bfc062723c751e8b465ee728b)
Start importing Assets/UnityCardGame-dyh/Assets/Assets/UI Elements/White/1x/south-east arrow.png using Guid(1f5dc0ea4c61543de9cdfb51a9f46dd0) Importer(815301076,1909f56bfc062723c751e8b465ee728b) [PhysX] Initialized MultithreadedTaskDispatcher with 32 workers.
[PhysX] Initialized MultithreadedTaskDispatcher with 32 workers.
 -> (artifact id: '3eecaa2b3ce05a5902f2195dcfb36650') in 0.029808 seconds
Number of updated asset objects reloaded before import = 0
Number of asset objects unloaded after import = 3
========================================================================
Received Import Request.
  Time since last request: 0.000039 seconds.
  path: Assets/Assets/UI Elements/Black/1x/unlock.png
  artifactKey: Guid(68174edfc158b41a49f406eba35950fb) Importer(815301076,1909f56bfc062723c751e8b465ee728b)
Start importing Assets/Assets/UI Elements/Black/1x/unlock.png using Guid(68174edfc158b41a49f406eba35950fb) Importer(815301076,1909f56bfc062723c751e8b465ee728b) [PhysX] Initialized MultithreadedTaskDispatcher with 32 workers.
[PhysX] Initialized MultithreadedTaskDispatcher with 32 workers.
 -> (artifact id: 'bfdc2456ecfca84500051a40c912da46') in 0.013315 seconds
Number of updated asset objects reloaded before import = 0
Number of asset objects unloaded after import = 3
========================================================================
Received Import Request.
  Time since last request: 0.000143 seconds.
  path: Assets/UnityCardGame-dyh/Assets/Assets/UI Elements/Black/1x/left.png
  artifactKey: Guid(a7a6a9a08040d4157b6a1a3371ce3a93) Importer(815301076,1909f56bfc062723c751e8b465ee728b)
Start importing Assets/UnityCardGame-dyh/Assets/Assets/UI Elements/Black/1x/left.png using Guid(a7a6a9a08040d4157b6a1a3371ce3a93) Importer(815301076,1909f56bfc062723c751e8b465ee728b) [PhysX] Initialized MultithreadedTaskDispatcher with 32 workers.
[PhysX] Initialized MultithreadedTaskDispatcher with 32 workers.
 -> (artifact id: '576c229262ea4adc7a568c3a0e9a0a3e') in 0.014659 seconds
Number of updated asset objects reloaded before import = 0
Number of asset objects unloaded after import = 3
========================================================================
Received Import Request.
  Time since last request: 0.000036 seconds.
  path: Assets/Assets/UI Elements/Extras/ProgressBars/loading2.png
  artifactKey: Guid(dfe6df478ab5c4ded9c4ee929f6aa835) Importer(815301076,1909f56bfc062723c751e8b465ee728b)
Start importing Assets/Assets/UI Elements/Extras/ProgressBars/loading2.png using Guid(dfe6df478ab5c4ded9c4ee929f6aa835) Importer(815301076,1909f56bfc062723c751e8b465ee728b) [PhysX] Initialized MultithreadedTaskDispatcher with 32 workers.
[PhysX] Initialized MultithreadedTaskDispatcher with 32 workers.
 -> (artifact id: 'fef69b02882d37b52049b636c6e0a728') in 0.014983 seconds
Number of updated asset objects reloaded before import = 0
Number of asset objects unloaded after import = 3
========================================================================
Received Import Request.
  Time since last request: 0.000022 seconds.
  path: Assets/UnityCardGame-dyh/Assets/Assets/UI Elements/White/1x/music on.png
  artifactKey: Guid(080706eb2c77b4fcfbdb9a4377cfe6e0) Importer(815301076,1909f56bfc062723c751e8b465ee728b)
Start importing Assets/UnityCardGame-dyh/Assets/Assets/UI Elements/White/1x/music on.png using Guid(080706eb2c77b4fcfbdb9a4377cfe6e0) Importer(815301076,1909f56bfc062723c751e8b465ee728b) [PhysX] Initialized MultithreadedTaskDispatcher with 32 workers.
[PhysX] Initialized MultithreadedTaskDispatcher with 32 workers.
 -> (artifact id: 'a9cb5fe9bcbec16ab1dc3e12309f58d1') in 0.012467 seconds
Number of updated asset objects reloaded before import = 0
Number of asset objects unloaded after import = 3
========================================================================
Received Import Request.
  Time since last request: 0.000127 seconds.
  path: Assets/Assets/UI Elements/White/2x/stop.png
  artifactKey: Guid(98fe4498a80b84def97672c5f2f2a078) Importer(815301076,1909f56bfc062723c751e8b465ee728b)
Start importing Assets/Assets/UI Elements/White/2x/stop.png using Guid(98fe4498a80b84def97672c5f2f2a078) Importer(815301076,1909f56bfc062723c751e8b465ee728b) [PhysX] Initialized MultithreadedTaskDispatcher with 32 workers.
[PhysX] Initialized MultithreadedTaskDispatcher with 32 workers.
 -> (artifact id: 'fefbf1a7e93f9744b6b71ec1b96e3e55') in 0.013591 seconds
Number of updated asset objects reloaded before import = 0
Number of asset objects unloaded after import = 3
========================================================================
Received Import Request.
  Time since last request: 0.000032 seconds.
  path: Assets/UnityCardGame-dyh/Assets/Assets/UI Elements/White/2x/yes-tic.png
  artifactKey: Guid(54170754f62f077438faab9a4362bc46) Importer(815301076,1909f56bfc062723c751e8b465ee728b)
Start importing Assets/UnityCardGame-dyh/Assets/Assets/UI Elements/White/2x/yes-tic.png using Guid(54170754f62f077438faab9a4362bc46) Importer(815301076,1909f56bfc062723c751e8b465ee728b) [PhysX] Initialized MultithreadedTaskDispatcher with 32 workers.
[PhysX] Initialized MultithreadedTaskDispatcher with 32 workers.
 -> (artifact id: '5e91c3463a8bbb13bc03ded2e44ee3c8') in 0.012369 seconds
Number of updated asset objects reloaded before import = 0
Number of asset objects unloaded after import = 3
========================================================================
Received Import Request.
  Time since last request: 0.000031 seconds.
  path: Assets/UnityCardGame-dyh/Assets/Assets/UI Elements/White/2x/mic on.png
  artifactKey: Guid(dd57efc097e75534797dbb075921b2c0) Importer(815301076,1909f56bfc062723c751e8b465ee728b)
Start importing Assets/UnityCardGame-dyh/Assets/Assets/UI Elements/White/2x/mic on.png using Guid(dd57efc097e75534797dbb075921b2c0) Importer(815301076,1909f56bfc062723c751e8b465ee728b) [PhysX] Initialized MultithreadedTaskDispatcher with 32 workers.
[PhysX] Initialized MultithreadedTaskDispatcher with 32 workers.
 -> (artifact id: 'caef9ddc18e2bf7af1baad66c61660a7') in 0.011751 seconds
Number of updated asset objects reloaded before import = 0
Number of asset objects unloaded after import = 3
========================================================================
Received Import Request.
  Time since last request: 0.000036 seconds.
  path: Assets/UnityCardGame-dyh/Assets/Assets/UI Elements/Black/2x/share.png
  artifactKey: Guid(fe012868a8c16426bbf3fe0ffa8b07e5) Importer(815301076,1909f56bfc062723c751e8b465ee728b)
Start importing Assets/UnityCardGame-dyh/Assets/Assets/UI Elements/Black/2x/share.png using Guid(fe012868a8c16426bbf3fe0ffa8b07e5) Importer(815301076,1909f56bfc062723c751e8b465ee728b) [PhysX] Initialized MultithreadedTaskDispatcher with 32 workers.
[PhysX] Initialized MultithreadedTaskDispatcher with 32 workers.
 -> (artifact id: '3e9d001fa4469af80d8ee878f483a4aa') in 0.027358 seconds
Number of updated asset objects reloaded before import = 0
Number of asset objects unloaded after import = 3
========================================================================
Received Import Request.
  Time since last request: 0.000040 seconds.
  path: Assets/Assets/UI Elements/White/2x/video.png
  artifactKey: Guid(cd7f4af48a6914beead93046a30da2ca) Importer(815301076,1909f56bfc062723c751e8b465ee728b)
Start importing Assets/Assets/UI Elements/White/2x/video.png using Guid(cd7f4af48a6914beead93046a30da2ca) Importer(815301076,1909f56bfc062723c751e8b465ee728b) [PhysX] Initialized MultithreadedTaskDispatcher with 32 workers.
[PhysX] Initialized MultithreadedTaskDispatcher with 32 workers.
 -> (artifact id: 'cc26dea3d690e8875538853975ac139c') in 0.016656 seconds
Number of updated asset objects reloaded before import = 0
Number of asset objects unloaded after import = 3
========================================================================
Received Import Request.
  Time since last request: 0.834270 seconds.
  path: Assets/Assets/UI Elements/White/2x/left.png
  artifactKey: Guid(4ed94d88397e7454bbeb0c31514d2d0f) Importer(815301076,1909f56bfc062723c751e8b465ee728b)
Start importing Assets/Assets/UI Elements/White/2x/left.png using Guid(4ed94d88397e7454bbeb0c31514d2d0f) Importer(815301076,1909f56bfc062723c751e8b465ee728b) [PhysX] Initialized MultithreadedTaskDispatcher with 32 workers.
[PhysX] Initialized MultithreadedTaskDispatcher with 32 workers.
 -> (artifact id: '5d8953e61294194452cdd9eb5fe1ada3') in 0.026282 seconds
Number of updated asset objects reloaded before import = 0
Number of asset objects unloaded after import = 3
========================================================================
Received Import Request.
  Time since last request: 0.000201 seconds.
  path: Assets/UnityCardGame-dyh/Assets/Assets/UI Elements/Black/1x/Leaderboard.png
  artifactKey: Guid(698aadcb8c0e74ae985433f62437a563) Importer(815301076,1909f56bfc062723c751e8b465ee728b)
Start importing Assets/UnityCardGame-dyh/Assets/Assets/UI Elements/Black/1x/Leaderboard.png using Guid(698aadcb8c0e74ae985433f62437a563) Importer(815301076,1909f56bfc062723c751e8b465ee728b) [PhysX] Initialized MultithreadedTaskDispatcher with 32 workers.
[PhysX] Initialized MultithreadedTaskDispatcher with 32 workers.
 -> (artifact id: 'cdd513ba90d26ece4ecf25c3ae1130e1') in 0.020187 seconds
Number of updated asset objects reloaded before import = 0
Number of asset objects unloaded after import = 3
========================================================================
Received Import Request.
  Time since last request: 0.004978 seconds.
  path: Assets/UnityCardGame-dyh/Assets/Assets/UI Elements/White/1x/left.png
  artifactKey: Guid(52c533fdd1070415d9d704a2cb13de47) Importer(815301076,1909f56bfc062723c751e8b465ee728b)
Start importing Assets/UnityCardGame-dyh/Assets/Assets/UI Elements/White/1x/left.png using Guid(52c533fdd1070415d9d704a2cb13de47) Importer(815301076,1909f56bfc062723c751e8b465ee728b) [PhysX] Initialized MultithreadedTaskDispatcher with 32 workers.
[PhysX] Initialized MultithreadedTaskDispatcher with 32 workers.
 -> (artifact id: '184b76c1fa451e91d64908ee29c5c2ee') in 0.018949 seconds
Number of updated asset objects reloaded before import = 0
Number of asset objects unloaded after import = 3
Editor requested this worker to shutdown with reason: Scaling down because of idle timeout
TcpMessagingSession - receive error: operation aborted. errorcode: 995, details: 由于线程退出或应用程序请求，已中止 I/O 操作。
AssetImportWorker is now disconnected from the server
Process exiting
Exiting without the bug reporter. Application will terminate with return code 0