Using pre-set license
Built from '2022.3/china_unity/release' branch; Version is '2022.3.57f1c1 (eb23a28857f9) revision 15410082'; Using compiler version '192829333'; Build Type 'Release'
OS: 'Windows 11  (10.0.26100) 64bit CoreCountrySpecific' Language: 'zh' Physical Memory: 14029 MB
BatchMode: 1, IsHumanControllingUs: 0, StartBugReporterOnCrash: 0, Is64bit: 1, IsPro: 1

COMMAND LINE ARGUMENTS:
E:\unity_editor\2022.3.57f1c1\Editor\Unity.exe
-adb2
-batchMode
-noUpm
-name
AssetImportWorker5
-projectPath
E:/final/map
-logFile
Logs/AssetImportWorker5.log
-srvPort
57882
Successfully changed project path to: E:/final/map
E:/final/map
[UnityMemory] Configuration Parameters - Can be set up in boot.config
    "memorysetup-bucket-allocator-granularity=16"
    "memorysetup-bucket-allocator-bucket-count=8"
    "memorysetup-bucket-allocator-block-size=33554432"
    "memorysetup-bucket-allocator-block-count=8"
    "memorysetup-main-allocator-block-size=16777216"
    "memorysetup-thread-allocator-block-size=16777216"
    "memorysetup-gfx-main-allocator-block-size=16777216"
    "memorysetup-gfx-thread-allocator-block-size=16777216"
    "memorysetup-cache-allocator-block-size=4194304"
    "memorysetup-typetree-allocator-block-size=2097152"
    "memorysetup-profiler-bucket-allocator-granularity=16"
    "memorysetup-profiler-bucket-allocator-bucket-count=8"
    "memorysetup-profiler-bucket-allocator-block-size=33554432"
    "memorysetup-profiler-bucket-allocator-block-count=8"
    "memorysetup-profiler-allocator-block-size=16777216"
    "memorysetup-profiler-editor-allocator-block-size=1048576"
    "memorysetup-temp-allocator-size-main=16777216"
    "memorysetup-job-temp-allocator-block-size=2097152"
    "memorysetup-job-temp-allocator-block-size-background=1048576"
    "memorysetup-job-temp-allocator-reduction-small-platforms=262144"
    "memorysetup-allocator-temp-initial-block-size-main=262144"
    "memorysetup-allocator-temp-initial-block-size-worker=262144"
    "memorysetup-temp-allocator-size-background-worker=32768"
    "memorysetup-temp-allocator-size-job-worker=262144"
    "memorysetup-temp-allocator-size-preload-manager=33554432"
    "memorysetup-temp-allocator-size-nav-mesh-worker=65536"
    "memorysetup-temp-allocator-size-audio-worker=65536"
    "memorysetup-temp-allocator-size-cloud-worker=32768"
    "memorysetup-temp-allocator-size-gi-baking-worker=262144"
    "memorysetup-temp-allocator-size-gfx=262144"
Player connection [31940]  Target information:

Player connection [31940]  * "[IP] 10.133.132.184 [Port] 0 [Flags] 2 [Guid] 825151624 [EditorId] 825151624 [Version] 1048832 [Id] WindowsEditor(7,xdmtx) [Debug] 1 [PackageName] WindowsEditor [ProjectName] Editor" 

Player connection [31940] Host joined multi-casting on [225.0.0.222:54997]...
Player connection [31940] Host joined alternative multi-casting on [225.0.0.222:34997]...
Input System module state changed to: Initialized.
[PhysX] Initialized MultithreadedTaskDispatcher with 32 workers.
Refreshing native plugins compatible for Editor in 9.93 ms, found 4 plugins.
Preloading 0 native plugins for Editor in 0.00 ms.
Initialize engine version: 2022.3.57f1c1 (eb23a28857f9)
[Subsystems] Discovering subsystems at path E:/unity_editor/2022.3.57f1c1/Editor/Data/Resources/UnitySubsystems
[Subsystems] Discovering subsystems at path E:/final/map/Assets
GfxDevice: creating device client; threaded=0; jobified=0
Direct3D:
    Version:  Direct3D 11.0 [level 11.1]
    Renderer: NVIDIA GeForce RTX 4060 Laptop GPU (ID=0x28e0)
    Vendor:   NVIDIA
    VRAM:     7957 MB
    Driver:   32.0.15.7240
Initialize mono
Mono path[0] = 'E:/unity_editor/2022.3.57f1c1/Editor/Data/Managed'
Mono path[1] = 'E:/unity_editor/2022.3.57f1c1/Editor/Data/MonoBleedingEdge/lib/mono/unityjit-win32'
Mono config path = 'E:/unity_editor/2022.3.57f1c1/Editor/Data/MonoBleedingEdge/etc'
Using monoOptions --debugger-agent=transport=dt_socket,embedding=1,server=y,suspend=n,address=127.0.0.1:56612
Begin MonoManager ReloadAssembly
Registering precompiled unity dll's ...
Register platform support module: E:/unity_editor/2022.3.57f1c1/Editor/Data/PlaybackEngines/WindowsStandaloneSupport/UnityEditor.WindowsStandalone.Extensions.dll
Registered in 0.002325 seconds.
- Loaded All Assemblies, in  0.402 seconds
Native extension for WindowsStandalone target not found
Mono: successfully reloaded assembly
- Finished resetting the current domain, in  0.311 seconds
Domain Reload Profiling: 714ms
	BeginReloadAssembly (140ms)
		ExecutionOrderSort (0ms)
		DisableScriptedObjects (0ms)
		BackupInstance (0ms)
		ReleaseScriptingObjects (0ms)
		CreateAndSetChildDomain (1ms)
	RebuildCommonClasses (35ms)
	RebuildNativeTypeToScriptingClass (10ms)
	initialDomainReloadingComplete (60ms)
	LoadAllAssembliesAndSetupDomain (157ms)
		LoadAssemblies (140ms)
		RebuildTransferFunctionScriptingTraits (0ms)
		AnalyzeDomain (155ms)
			TypeCache.Refresh (154ms)
				TypeCache.ScanAssembly (141ms)
			ScanForSourceGeneratedMonoScriptInfo (0ms)
			ResolveRequiredComponents (0ms)
	FinalizeReload (312ms)
		ReleaseScriptCaches (0ms)
		RebuildScriptCaches (0ms)
		SetupLoadedEditorAssemblies (256ms)
			LogAssemblyErrors (0ms)
			InitializePlatformSupportModulesInManaged (10ms)
			SetLoadedEditorAssemblies (10ms)
			RefreshPlugins (0ms)
			BeforeProcessingInitializeOnLoad (3ms)
			ProcessInitializeOnLoadAttributes (176ms)
			ProcessInitializeOnLoadMethodAttributes (57ms)
			AfterProcessingInitializeOnLoad (0ms)
			EditorAssembliesLoaded (0ms)
		ExecutionOrderSort2 (0ms)
		AwakeInstancesAfterBackupRestoration (0ms)
========================================================================
Worker process is ready to serve import requests
Caller must complete domain reload
Begin MonoManager ReloadAssembly
- Loaded All Assemblies, in  1.207 seconds
Native extension for WindowsStandalone target not found
Mono: successfully reloaded assembly
- Finished resetting the current domain, in  0.805 seconds
Domain Reload Profiling: 2012ms
	BeginReloadAssembly (196ms)
		ExecutionOrderSort (0ms)
		DisableScriptedObjects (9ms)
		BackupInstance (0ms)
		ReleaseScriptingObjects (0ms)
		CreateAndSetChildDomain (34ms)
	RebuildCommonClasses (43ms)
	RebuildNativeTypeToScriptingClass (18ms)
	initialDomainReloadingComplete (51ms)
	LoadAllAssembliesAndSetupDomain (899ms)
		LoadAssemblies (747ms)
		RebuildTransferFunctionScriptingTraits (0ms)
		AnalyzeDomain (259ms)
			TypeCache.Refresh (220ms)
				TypeCache.ScanAssembly (197ms)
			ScanForSourceGeneratedMonoScriptInfo (25ms)
			ResolveRequiredComponents (11ms)
	FinalizeReload (805ms)
		ReleaseScriptCaches (0ms)
		RebuildScriptCaches (0ms)
		SetupLoadedEditorAssemblies (568ms)
			LogAssemblyErrors (0ms)
			InitializePlatformSupportModulesInManaged (5ms)
			SetLoadedEditorAssemblies (6ms)
			RefreshPlugins (0ms)
			BeforeProcessingInitializeOnLoad (90ms)
			ProcessInitializeOnLoadAttributes (413ms)
			ProcessInitializeOnLoadMethodAttributes (51ms)
			AfterProcessingInitializeOnLoad (2ms)
			EditorAssembliesLoaded (0ms)
		ExecutionOrderSort2 (0ms)
		AwakeInstancesAfterBackupRestoration (9ms)
Launched and connected shader compiler UnityShaderCompiler.exe after 0.13 seconds
Refreshing native plugins compatible for Editor in 9.53 ms, found 4 plugins.
Preloading 0 native plugins for Editor in 0.00 ms.
Unloading 4118 Unused Serialized files (Serialized files now loaded: 0)
Unloading 31 unused Assets / (29.7 KB). Loaded Objects now: 4601.
Memory consumption went from 155.0 MB to 154.9 MB.
Total: 7.048100 ms (FindLiveObjects: 0.342000 ms CreateObjectMapping: 0.101700 ms MarkObjects: 6.481100 ms  DeleteObjects: 0.121100 ms)

AssetImportParameters requested are different than current active one (requested -> active):
  custom:container-demuxer-ogg: 62fdf1f143b41e24485cea50d1cbac27 -> 
  custom:video-codec-MediaFoundation-h265: 746d11721c4dcdbdad8f713fa42b33f4 -> 
  custom:video-decoder-ogg-theora: a1e56fd34408186e4bbccfd4996cb3dc -> 
  custom:framework-win-MediaFoundation: 216162199b28c13a410421893ffa2e32 -> 
  custom:CustomObjectIndexerAttribute: 9a22284fe3817be447336de3de66b15e -> 
  custom:container-demuxer-webm: 4f35f7cbe854078d1ac9338744f61a02 -> 
  custom:container-muxer-webm: aa71ff27fc2769a1b78a27578f13a17b -> 
  custom:video-decoder-webm-vp8: 9c59270c3fd7afecdb556c50c9e8de78 -> 
  custom:SearchIndexIgnoredProperties: e643bd26f0fe6173181afceb89e7c659 -> 
  custom:AudioImporter_EditorPlatform: d09bf68614088b80899f8185d706f6e7 -> 
  custom:video-encoder-webm-vp8: eb34c28f22e8b96e1ab97ce403110664 -> 
  custom:audio-decoder-ogg-vorbis: bf7c407c2cedff20999df2af8eb42d56 -> 
  custom:audio-encoder-webm-vorbis: bf7c407c2cedff20999df2af8eb42d56 -> 
========================================================================
Received Import Request.
  Time since last request: 114350.274927 seconds.
  path: Assets/Assets/UI Elements/Black/2x/right.png
  artifactKey: Guid(34f1c1f44555a4857b2973076d7e0250) Importer(815301076,1909f56bfc062723c751e8b465ee728b)
Start importing Assets/Assets/UI Elements/Black/2x/right.png using Guid(34f1c1f44555a4857b2973076d7e0250) Importer(815301076,1909f56bfc062723c751e8b465ee728b) [PhysX] Initialized MultithreadedTaskDispatcher with 32 workers.
[PhysX] Initialized MultithreadedTaskDispatcher with 32 workers.
 -> (artifact id: 'f6951983d03f30c005e4874b98451c97') in 0.161771 seconds
Number of updated asset objects reloaded before import = 0
Number of asset objects unloaded after import = 3
========================================================================
Received Import Request.
  Time since last request: 0.000038 seconds.
  path: Assets/UnityCardGame-dyh/Assets/Assets/UI Elements/White/2x/right arrow.png
  artifactKey: Guid(6c66740ca7c5be442861e536cee1f920) Importer(815301076,1909f56bfc062723c751e8b465ee728b)
Start importing Assets/UnityCardGame-dyh/Assets/Assets/UI Elements/White/2x/right arrow.png using Guid(6c66740ca7c5be442861e536cee1f920) Importer(815301076,1909f56bfc062723c751e8b465ee728b) [PhysX] Initialized MultithreadedTaskDispatcher with 32 workers.
[PhysX] Initialized MultithreadedTaskDispatcher with 32 workers.
 -> (artifact id: '9a6a7cb710c17d83319e1f49c19f6d3b') in 0.025175 seconds
Number of updated asset objects reloaded before import = 0
Number of asset objects unloaded after import = 3
========================================================================
Received Import Request.
  Time since last request: 0.000031 seconds.
  path: Assets/Fantasy Icon Samples/Images/wand.png
  artifactKey: Guid(aa3f6611bfe6942c6b2abde2b6c53bb4) Importer(815301076,1909f56bfc062723c751e8b465ee728b)
Start importing Assets/Fantasy Icon Samples/Images/wand.png using Guid(aa3f6611bfe6942c6b2abde2b6c53bb4) Importer(815301076,1909f56bfc062723c751e8b465ee728b) [PhysX] Initialized MultithreadedTaskDispatcher with 32 workers.
[PhysX] Initialized MultithreadedTaskDispatcher with 32 workers.
 -> (artifact id: 'a115c28aca1582c55dcc7ca50d3fa7f4') in 0.039491 seconds
Number of updated asset objects reloaded before import = 0
Number of asset objects unloaded after import = 3
========================================================================
Received Import Request.
  Time since last request: 0.000030 seconds.
  path: Assets/UnityCardGame-dyh/Assets/Assets/UI Elements/Black/2x/north east arrow.png
  artifactKey: Guid(ce10b42c39615402193e816bfb0d1cfb) Importer(815301076,1909f56bfc062723c751e8b465ee728b)
Start importing Assets/UnityCardGame-dyh/Assets/Assets/UI Elements/Black/2x/north east arrow.png using Guid(ce10b42c39615402193e816bfb0d1cfb) Importer(815301076,1909f56bfc062723c751e8b465ee728b) [PhysX] Initialized MultithreadedTaskDispatcher with 32 workers.
[PhysX] Initialized MultithreadedTaskDispatcher with 32 workers.
 -> (artifact id: '18996ff69dadd4d87dc66de060bd7028') in 0.031421 seconds
Number of updated asset objects reloaded before import = 0
Number of asset objects unloaded after import = 3
========================================================================
Received Import Request.
  Time since last request: 0.000027 seconds.
  path: Assets/UnityCardGame-dyh/Assets/Assets/UI Elements/Black/2x/north-west arrow.png
  artifactKey: Guid(12acdec5baa284c76b8a02b883fdef6b) Importer(815301076,1909f56bfc062723c751e8b465ee728b)
Start importing Assets/UnityCardGame-dyh/Assets/Assets/UI Elements/Black/2x/north-west arrow.png using Guid(12acdec5baa284c76b8a02b883fdef6b) Importer(815301076,1909f56bfc062723c751e8b465ee728b) [PhysX] Initialized MultithreadedTaskDispatcher with 32 workers.
[PhysX] Initialized MultithreadedTaskDispatcher with 32 workers.
 -> (artifact id: '44eb123ddf17f76b3b678e73f9cc7d1b') in 0.032194 seconds
Number of updated asset objects reloaded before import = 0
Number of asset objects unloaded after import = 3
========================================================================
Received Import Request.
  Time since last request: 0.000025 seconds.
  path: Assets/Assets/UI Elements/Black/1x/sign2.png
  artifactKey: Guid(a84a1fce7b3334d3b984d227f84cfa6b) Importer(815301076,1909f56bfc062723c751e8b465ee728b)
Start importing Assets/Assets/UI Elements/Black/1x/sign2.png using Guid(a84a1fce7b3334d3b984d227f84cfa6b) Importer(815301076,1909f56bfc062723c751e8b465ee728b) [PhysX] Initialized MultithreadedTaskDispatcher with 32 workers.
[PhysX] Initialized MultithreadedTaskDispatcher with 32 workers.
 -> (artifact id: '910a01e63cc8e8415e4076c2ac7682f5') in 0.038164 seconds
Number of updated asset objects reloaded before import = 0
Number of asset objects unloaded after import = 3
========================================================================
Received Import Request.
  Time since last request: 0.000252 seconds.
  path: Assets/Assets/UI Elements/White/2x/yes-tic.png
  artifactKey: Guid(1f0a59cbc18754e6eb2f1eb23a03e747) Importer(815301076,1909f56bfc062723c751e8b465ee728b)
Start importing Assets/Assets/UI Elements/White/2x/yes-tic.png using Guid(1f0a59cbc18754e6eb2f1eb23a03e747) Importer(815301076,1909f56bfc062723c751e8b465ee728b) [PhysX] Initialized MultithreadedTaskDispatcher with 32 workers.
[PhysX] Initialized MultithreadedTaskDispatcher with 32 workers.
 -> (artifact id: 'f6069b1ca1757ed0b02aaa4c85689d45') in 0.035931 seconds
Number of updated asset objects reloaded before import = 0
Number of asset objects unloaded after import = 3
========================================================================
Received Import Request.
  Time since last request: 0.000337 seconds.
  path: Assets/Assets/UI Elements/White/2x/pause.png
  artifactKey: Guid(8f62ff9a747164d56b7a9a19a6a4ea3e) Importer(815301076,1909f56bfc062723c751e8b465ee728b)
Start importing Assets/Assets/UI Elements/White/2x/pause.png using Guid(8f62ff9a747164d56b7a9a19a6a4ea3e) Importer(815301076,1909f56bfc062723c751e8b465ee728b) [PhysX] Initialized MultithreadedTaskDispatcher with 32 workers.
[PhysX] Initialized MultithreadedTaskDispatcher with 32 workers.
 -> (artifact id: '105b65acdebc5fe9e723dacb165f9e1b') in 0.039908 seconds
Number of updated asset objects reloaded before import = 0
Number of asset objects unloaded after import = 3
========================================================================
Received Import Request.
  Time since last request: 0.000034 seconds.
  path: Assets/UnityCardGame-dyh/Assets/Assets/UI Elements/Black/2x/settings.png
  artifactKey: Guid(1dbe3274bd5144a959530b27e5f9e1ce) Importer(815301076,1909f56bfc062723c751e8b465ee728b)
Start importing Assets/UnityCardGame-dyh/Assets/Assets/UI Elements/Black/2x/settings.png using Guid(1dbe3274bd5144a959530b27e5f9e1ce) Importer(815301076,1909f56bfc062723c751e8b465ee728b) [PhysX] Initialized MultithreadedTaskDispatcher with 32 workers.
[PhysX] Initialized MultithreadedTaskDispatcher with 32 workers.
 -> (artifact id: '93d0e1a42276c702f457fde13506eb49') in 0.030897 seconds
Number of updated asset objects reloaded before import = 0
Number of asset objects unloaded after import = 3
========================================================================
Received Import Request.
  Time since last request: 0.000190 seconds.
  path: Assets/UnityCardGame-dyh/Assets/Assets/UI Elements/Black/1x/video.png
  artifactKey: Guid(61254da95182c40eabd7fc67619c7cb1) Importer(815301076,1909f56bfc062723c751e8b465ee728b)
Start importing Assets/UnityCardGame-dyh/Assets/Assets/UI Elements/Black/1x/video.png using Guid(61254da95182c40eabd7fc67619c7cb1) Importer(815301076,1909f56bfc062723c751e8b465ee728b) [PhysX] Initialized MultithreadedTaskDispatcher with 32 workers.
[PhysX] Initialized MultithreadedTaskDispatcher with 32 workers.
 -> (artifact id: '7a5c0eee57276f34c5f1bd70b9d79e1c') in 0.028791 seconds
Number of updated asset objects reloaded before import = 0
Number of asset objects unloaded after import = 3
========================================================================
Received Import Request.
  Time since last request: 0.000022 seconds.
  path: Assets/UnityCardGame-dyh/Assets/Assets/UI Elements/White/2x/north-west arrow.png
  artifactKey: Guid(4a689ccf98ca4004ca5ea5857a3ee932) Importer(815301076,1909f56bfc062723c751e8b465ee728b)
Start importing Assets/UnityCardGame-dyh/Assets/Assets/UI Elements/White/2x/north-west arrow.png using Guid(4a689ccf98ca4004ca5ea5857a3ee932) Importer(815301076,1909f56bfc062723c751e8b465ee728b) [PhysX] Initialized MultithreadedTaskDispatcher with 32 workers.
[PhysX] Initialized MultithreadedTaskDispatcher with 32 workers.
 -> (artifact id: '72f71314d93a37e1bb9a53f7914b0a18') in 0.023288 seconds
Number of updated asset objects reloaded before import = 0
Number of asset objects unloaded after import = 3
========================================================================
Received Import Request.
  Time since last request: 0.000031 seconds.
  path: Assets/UnityCardGame-dyh/Assets/Assets/UI Elements/Black/1x/up.png
  artifactKey: Guid(a841ae045f82449f1b0c6304ab1a4d37) Importer(815301076,1909f56bfc062723c751e8b465ee728b)
Start importing Assets/UnityCardGame-dyh/Assets/Assets/UI Elements/Black/1x/up.png using Guid(a841ae045f82449f1b0c6304ab1a4d37) Importer(815301076,1909f56bfc062723c751e8b465ee728b) [PhysX] Initialized MultithreadedTaskDispatcher with 32 workers.
[PhysX] Initialized MultithreadedTaskDispatcher with 32 workers.
 -> (artifact id: '71c212b7396e90ae0f57d509240ec021') in 0.013237 seconds
Number of updated asset objects reloaded before import = 0
Number of asset objects unloaded after import = 3
========================================================================
Received Import Request.
  Time since last request: 0.000030 seconds.
  path: Assets/UnityCardGame-dyh/Assets/Assets/UI Elements/Extras/Rects/rect3pxRy8.png
  artifactKey: Guid(c6be36288fe3d42a394379beb5dce31f) Importer(815301076,1909f56bfc062723c751e8b465ee728b)
Start importing Assets/UnityCardGame-dyh/Assets/Assets/UI Elements/Extras/Rects/rect3pxRy8.png using Guid(c6be36288fe3d42a394379beb5dce31f) Importer(815301076,1909f56bfc062723c751e8b465ee728b) [PhysX] Initialized MultithreadedTaskDispatcher with 32 workers.
[PhysX] Initialized MultithreadedTaskDispatcher with 32 workers.
 -> (artifact id: '55ac9c55fb9654ecf7702da56f640f97') in 0.011626 seconds
Number of updated asset objects reloaded before import = 0
Number of asset objects unloaded after import = 3
========================================================================
Received Import Request.
  Time since last request: 0.000081 seconds.
  path: Assets/Assets/UI Elements/White/2x/mic off.png
  artifactKey: Guid(fe60993defb1d442f840536b3f608b71) Importer(815301076,1909f56bfc062723c751e8b465ee728b)
Start importing Assets/Assets/UI Elements/White/2x/mic off.png using Guid(fe60993defb1d442f840536b3f608b71) Importer(815301076,1909f56bfc062723c751e8b465ee728b) [PhysX] Initialized MultithreadedTaskDispatcher with 32 workers.
[PhysX] Initialized MultithreadedTaskDispatcher with 32 workers.
 -> (artifact id: 'ecb1cf99440956f028bf1211893b5118') in 0.021030 seconds
Number of updated asset objects reloaded before import = 0
Number of asset objects unloaded after import = 3
========================================================================
Received Import Request.
  Time since last request: 0.000034 seconds.
  path: Assets/Assets/UI Elements/White/2x/right exit.png
  artifactKey: Guid(df4feaf5136bf4ebbb18efd40c70725c) Importer(815301076,1909f56bfc062723c751e8b465ee728b)
Start importing Assets/Assets/UI Elements/White/2x/right exit.png using Guid(df4feaf5136bf4ebbb18efd40c70725c) Importer(815301076,1909f56bfc062723c751e8b465ee728b) [PhysX] Initialized MultithreadedTaskDispatcher with 32 workers.
[PhysX] Initialized MultithreadedTaskDispatcher with 32 workers.
 -> (artifact id: '9b1943929ba0b04a3f70507a78d31c40') in 0.010607 seconds
Number of updated asset objects reloaded before import = 0
Number of asset objects unloaded after import = 3
========================================================================
Received Import Request.
  Time since last request: 0.000134 seconds.
  path: Assets/Assets/UI Elements/Black/1x/noet-west arrow.png
  artifactKey: Guid(47fb54f0b22b240e793c5a29a9a0cc56) Importer(815301076,1909f56bfc062723c751e8b465ee728b)
Start importing Assets/Assets/UI Elements/Black/1x/noet-west arrow.png using Guid(47fb54f0b22b240e793c5a29a9a0cc56) Importer(815301076,1909f56bfc062723c751e8b465ee728b) [PhysX] Initialized MultithreadedTaskDispatcher with 32 workers.
[PhysX] Initialized MultithreadedTaskDispatcher with 32 workers.
 -> (artifact id: '271763a4482c3ba202eab8de3f06a162') in 0.027270 seconds
Number of updated asset objects reloaded before import = 0
Number of asset objects unloaded after import = 3
========================================================================
Received Import Request.
  Time since last request: 0.000038 seconds.
  path: Assets/Assets/UI Elements/White/1x/settings.png
  artifactKey: Guid(38ec5fa5851484c689fe3c28fa2397f6) Importer(815301076,1909f56bfc062723c751e8b465ee728b)
Start importing Assets/Assets/UI Elements/White/1x/settings.png using Guid(38ec5fa5851484c689fe3c28fa2397f6) Importer(815301076,1909f56bfc062723c751e8b465ee728b) [PhysX] Initialized MultithreadedTaskDispatcher with 32 workers.
[PhysX] Initialized MultithreadedTaskDispatcher with 32 workers.
 -> (artifact id: '27f1121901e0c8a8710a00c9363e4959') in 0.012897 seconds
Number of updated asset objects reloaded before import = 0
Number of asset objects unloaded after import = 3
========================================================================
Received Import Request.
  Time since last request: 0.000173 seconds.
  path: Assets/Assets/UI Elements/Black/2x/up.png
  artifactKey: Guid(2a62e22874f0640ad85793d3d6c6a64f) Importer(815301076,1909f56bfc062723c751e8b465ee728b)
Start importing Assets/Assets/UI Elements/Black/2x/up.png using Guid(2a62e22874f0640ad85793d3d6c6a64f) Importer(815301076,1909f56bfc062723c751e8b465ee728b) [PhysX] Initialized MultithreadedTaskDispatcher with 32 workers.
[PhysX] Initialized MultithreadedTaskDispatcher with 32 workers.
 -> (artifact id: '6e3fa4dfdb8215a7d4f81436b6a3c066') in 0.012008 seconds
Number of updated asset objects reloaded before import = 0
Number of asset objects unloaded after import = 3
========================================================================
Received Import Request.
  Time since last request: 0.000098 seconds.
  path: Assets/UnityCardGame-dyh/Assets/Assets/UI Elements/White/1x/yes-tic.png
  artifactKey: Guid(4a7320100f5294dd284b5b136e8e4374) Importer(815301076,1909f56bfc062723c751e8b465ee728b)
Start importing Assets/UnityCardGame-dyh/Assets/Assets/UI Elements/White/1x/yes-tic.png using Guid(4a7320100f5294dd284b5b136e8e4374) Importer(815301076,1909f56bfc062723c751e8b465ee728b) [PhysX] Initialized MultithreadedTaskDispatcher with 32 workers.
[PhysX] Initialized MultithreadedTaskDispatcher with 32 workers.
 -> (artifact id: 'dd4d21f4649e7e66c0e6c7f75fde191f') in 0.028809 seconds
Number of updated asset objects reloaded before import = 0
Number of asset objects unloaded after import = 3
========================================================================
Received Import Request.
  Time since last request: 0.000021 seconds.
  path: Assets/Assets/UI Elements/White/1x/mic on.png
  artifactKey: Guid(b688785ea0d5442d4a810be461453eb9) Importer(815301076,1909f56bfc062723c751e8b465ee728b)
Start importing Assets/Assets/UI Elements/White/1x/mic on.png using Guid(b688785ea0d5442d4a810be461453eb9) Importer(815301076,1909f56bfc062723c751e8b465ee728b) [PhysX] Initialized MultithreadedTaskDispatcher with 32 workers.
[PhysX] Initialized MultithreadedTaskDispatcher with 32 workers.
 -> (artifact id: 'fb38b8dcb555119672fe10937a492ea5') in 0.010697 seconds
Number of updated asset objects reloaded before import = 0
Number of asset objects unloaded after import = 3
========================================================================
Received Import Request.
  Time since last request: 0.000032 seconds.
  path: Assets/UnityCardGame-dyh/Assets/Assets/UI Elements/Extras/Rects/SquareRy8.png
  artifactKey: Guid(21dab5ddea7bf48b49c9ce783117bc11) Importer(815301076,1909f56bfc062723c751e8b465ee728b)
Start importing Assets/UnityCardGame-dyh/Assets/Assets/UI Elements/Extras/Rects/SquareRy8.png using Guid(21dab5ddea7bf48b49c9ce783117bc11) Importer(815301076,1909f56bfc062723c751e8b465ee728b) [PhysX] Initialized MultithreadedTaskDispatcher with 32 workers.
[PhysX] Initialized MultithreadedTaskDispatcher with 32 workers.
 -> (artifact id: '7917deb68eaf2c9c8b0cc604defb56da') in 0.014238 seconds
Number of updated asset objects reloaded before import = 0
Number of asset objects unloaded after import = 3
========================================================================
Received Import Request.
  Time since last request: 0.000027 seconds.
  path: Assets/Assets/UI Elements/Black/1x/south-west arrow.png
  artifactKey: Guid(a911e46cef63c42d9944e8a96fa3bdb0) Importer(815301076,1909f56bfc062723c751e8b465ee728b)
Start importing Assets/Assets/UI Elements/Black/1x/south-west arrow.png using Guid(a911e46cef63c42d9944e8a96fa3bdb0) Importer(815301076,1909f56bfc062723c751e8b465ee728b) [PhysX] Initialized MultithreadedTaskDispatcher with 32 workers.
[PhysX] Initialized MultithreadedTaskDispatcher with 32 workers.
 -> (artifact id: 'f397014a714f7678463035976e8bd553') in 0.012070 seconds
Number of updated asset objects reloaded before import = 0
Number of asset objects unloaded after import = 3
========================================================================
Received Import Request.
  Time since last request: 0.000038 seconds.
  path: Assets/UnityCardGame-dyh/Assets/Assets/UI Elements/Black/1x/mic on.png
  artifactKey: Guid(d1cdb04e1e48a4233a1ab311789f0ca8) Importer(815301076,1909f56bfc062723c751e8b465ee728b)
Start importing Assets/UnityCardGame-dyh/Assets/Assets/UI Elements/Black/1x/mic on.png using Guid(d1cdb04e1e48a4233a1ab311789f0ca8) Importer(815301076,1909f56bfc062723c751e8b465ee728b) [PhysX] Initialized MultithreadedTaskDispatcher with 32 workers.
[PhysX] Initialized MultithreadedTaskDispatcher with 32 workers.
 -> (artifact id: '9b327f912dbd55f20f6e3e9bc754302b') in 0.028841 seconds
Number of updated asset objects reloaded before import = 0
Number of asset objects unloaded after import = 3
========================================================================
Received Import Request.
  Time since last request: 0.000214 seconds.
  path: Assets/UnityCardGame-dyh/Assets/Assets/UI Elements/White/1x/left arrow.png
  artifactKey: Guid(d03b07d89eb7d4cb4b94cb61a4357724) Importer(815301076,1909f56bfc062723c751e8b465ee728b)
Start importing Assets/UnityCardGame-dyh/Assets/Assets/UI Elements/White/1x/left arrow.png using Guid(d03b07d89eb7d4cb4b94cb61a4357724) Importer(815301076,1909f56bfc062723c751e8b465ee728b) [PhysX] Initialized MultithreadedTaskDispatcher with 32 workers.
[PhysX] Initialized MultithreadedTaskDispatcher with 32 workers.
 -> (artifact id: 'ed362b363674a2f1ca61a58fc17b917e') in 0.013649 seconds
Number of updated asset objects reloaded before import = 0
Number of asset objects unloaded after import = 3
========================================================================
Received Import Request.
  Time since last request: 0.000371 seconds.
  path: Assets/UnityCardGame-dyh/Assets/2D Cards Game Art Pack/Sprites/Standard 52 Cards/Rect Cards/Clubs/Q.png
  artifactKey: Guid(2fabccb904506934eb2eb3d77bb27361) Importer(815301076,1909f56bfc062723c751e8b465ee728b)
Start importing Assets/UnityCardGame-dyh/Assets/2D Cards Game Art Pack/Sprites/Standard 52 Cards/Rect Cards/Clubs/Q.png using Guid(2fabccb904506934eb2eb3d77bb27361) Importer(815301076,1909f56bfc062723c751e8b465ee728b) [PhysX] Initialized MultithreadedTaskDispatcher with 32 workers.
[PhysX] Initialized MultithreadedTaskDispatcher with 32 workers.
 -> (artifact id: '2810e1e6ec6b80c84d367fcac7199c83') in 0.024113 seconds
Number of updated asset objects reloaded before import = 0
Number of asset objects unloaded after import = 3
========================================================================
Received Import Request.
  Time since last request: 0.000191 seconds.
  path: Assets/Assets/UI Elements/Black/1x/sign1.png
  artifactKey: Guid(b6d9a74625b6842ec94d659ec0301aa4) Importer(815301076,1909f56bfc062723c751e8b465ee728b)
Start importing Assets/Assets/UI Elements/Black/1x/sign1.png using Guid(b6d9a74625b6842ec94d659ec0301aa4) Importer(815301076,1909f56bfc062723c751e8b465ee728b) [PhysX] Initialized MultithreadedTaskDispatcher with 32 workers.
[PhysX] Initialized MultithreadedTaskDispatcher with 32 workers.
 -> (artifact id: 'f0aed69668cd9450b0b220adf4b9a5b5') in 0.026166 seconds
Number of updated asset objects reloaded before import = 0
Number of asset objects unloaded after import = 3
========================================================================
Received Import Request.
  Time since last request: 0.000029 seconds.
  path: Assets/UnityCardGame-dyh/Assets/Assets/UI Elements/White/1x/south-west arrow.png
  artifactKey: Guid(427b8a564acbc45d3b6a7a5df34c3efc) Importer(815301076,1909f56bfc062723c751e8b465ee728b)
Start importing Assets/UnityCardGame-dyh/Assets/Assets/UI Elements/White/1x/south-west arrow.png using Guid(427b8a564acbc45d3b6a7a5df34c3efc) Importer(815301076,1909f56bfc062723c751e8b465ee728b) [PhysX] Initialized MultithreadedTaskDispatcher with 32 workers.
[PhysX] Initialized MultithreadedTaskDispatcher with 32 workers.
 -> (artifact id: 'c245a9d3e72c82edd8a6dc72547cb615') in 0.028857 seconds
Number of updated asset objects reloaded before import = 0
Number of asset objects unloaded after import = 3
========================================================================
Received Import Request.
  Time since last request: 0.000146 seconds.
  path: Assets/UnityCardGame-dyh/Assets/Assets/UI Elements/White/1x/north-east arrow.png
  artifactKey: Guid(5a2f8ea598b13434aa94613bdc9ca546) Importer(815301076,1909f56bfc062723c751e8b465ee728b)
Start importing Assets/UnityCardGame-dyh/Assets/Assets/UI Elements/White/1x/north-east arrow.png using Guid(5a2f8ea598b13434aa94613bdc9ca546) Importer(815301076,1909f56bfc062723c751e8b465ee728b) [PhysX] Initialized MultithreadedTaskDispatcher with 32 workers.
[PhysX] Initialized MultithreadedTaskDispatcher with 32 workers.
 -> (artifact id: '3e5b07f0fdd5f4451417779e32818222') in 0.014529 seconds
Number of updated asset objects reloaded before import = 0
Number of asset objects unloaded after import = 3
========================================================================
Received Import Request.
  Time since last request: 0.000203 seconds.
  path: Assets/UnityCardGame-dyh/Assets/Assets/UI Elements/White/2x/south-west arrow.png
  artifactKey: Guid(e20340ac73587864ab34d78294bc0bfa) Importer(815301076,1909f56bfc062723c751e8b465ee728b)
Start importing Assets/UnityCardGame-dyh/Assets/Assets/UI Elements/White/2x/south-west arrow.png using Guid(e20340ac73587864ab34d78294bc0bfa) Importer(815301076,1909f56bfc062723c751e8b465ee728b) [PhysX] Initialized MultithreadedTaskDispatcher with 32 workers.
[PhysX] Initialized MultithreadedTaskDispatcher with 32 workers.
 -> (artifact id: '69576e2dd1cdbccf8e953c599160f26c') in 0.014570 seconds
Number of updated asset objects reloaded before import = 0
Number of asset objects unloaded after import = 3
========================================================================
Received Import Request.
  Time since last request: 0.000036 seconds.
  path: Assets/UnityCardGame-dyh/Assets/2D Cards Game Art Pack/Sprites/Standard 52 Cards/Rect Cards/Spades/Qspade.png
  artifactKey: Guid(5c844d7e2bb0acc4b830226fc4b990ab) Importer(815301076,1909f56bfc062723c751e8b465ee728b)
Start importing Assets/UnityCardGame-dyh/Assets/2D Cards Game Art Pack/Sprites/Standard 52 Cards/Rect Cards/Spades/Qspade.png using Guid(5c844d7e2bb0acc4b830226fc4b990ab) Importer(815301076,1909f56bfc062723c751e8b465ee728b) [PhysX] Initialized MultithreadedTaskDispatcher with 32 workers.
[PhysX] Initialized MultithreadedTaskDispatcher with 32 workers.
 -> (artifact id: 'aeafe67a42ae167c6bf323479e523e5c') in 0.033891 seconds
Number of updated asset objects reloaded before import = 0
Number of asset objects unloaded after import = 3
========================================================================
Received Import Request.
  Time since last request: 0.000038 seconds.
  path: Assets/UnityCardGame-dyh/Assets/Assets/UI Elements/Black/2x/left exit.png
  artifactKey: Guid(b25f9ff207b9d4b80ae804e1e398fa1f) Importer(815301076,1909f56bfc062723c751e8b465ee728b)
Start importing Assets/UnityCardGame-dyh/Assets/Assets/UI Elements/Black/2x/left exit.png using Guid(b25f9ff207b9d4b80ae804e1e398fa1f) Importer(815301076,1909f56bfc062723c751e8b465ee728b) [PhysX] Initialized MultithreadedTaskDispatcher with 32 workers.
[PhysX] Initialized MultithreadedTaskDispatcher with 32 workers.
 -> (artifact id: '7bcb6a15f9fb3d7a193cea05f03c5100') in 0.025347 seconds
Number of updated asset objects reloaded before import = 0
Number of asset objects unloaded after import = 3
========================================================================
Received Import Request.
  Time since last request: 0.000047 seconds.
  path: Assets/Assets/UI Elements/Black/2x/lock.png
  artifactKey: Guid(a699c23eb146345909de75821fa9031b) Importer(815301076,1909f56bfc062723c751e8b465ee728b)
Start importing Assets/Assets/UI Elements/Black/2x/lock.png using Guid(a699c23eb146345909de75821fa9031b) Importer(815301076,1909f56bfc062723c751e8b465ee728b) [PhysX] Initialized MultithreadedTaskDispatcher with 32 workers.
[PhysX] Initialized MultithreadedTaskDispatcher with 32 workers.
 -> (artifact id: 'ebca7bf2d5b7fb21144b266bb6b38c0c') in 0.014906 seconds
Number of updated asset objects reloaded before import = 0
Number of asset objects unloaded after import = 3
========================================================================
Received Import Request.
  Time since last request: 0.000036 seconds.
  path: Assets/Fantasy Icon Samples/Misc/sample_frame_1.png
  artifactKey: Guid(bb6a2997b17224e11b82d9b1ef964f9d) Importer(815301076,1909f56bfc062723c751e8b465ee728b)
Start importing Assets/Fantasy Icon Samples/Misc/sample_frame_1.png using Guid(bb6a2997b17224e11b82d9b1ef964f9d) Importer(815301076,1909f56bfc062723c751e8b465ee728b) [PhysX] Initialized MultithreadedTaskDispatcher with 32 workers.
[PhysX] Initialized MultithreadedTaskDispatcher with 32 workers.
 -> (artifact id: '60b62dbe3d3e076b16ee565a109315ea') in 0.035240 seconds
Number of updated asset objects reloaded before import = 0
Number of asset objects unloaded after import = 3
========================================================================
Received Import Request.
  Time since last request: 0.000049 seconds.
  path: Assets/UnityCardGame-dyh/Assets/Assets/UI Elements/White/2x/north east arrow.png
  artifactKey: Guid(039bf3a35a1472147bc6ead1c3b4ece6) Importer(815301076,1909f56bfc062723c751e8b465ee728b)
Start importing Assets/UnityCardGame-dyh/Assets/Assets/UI Elements/White/2x/north east arrow.png using Guid(039bf3a35a1472147bc6ead1c3b4ece6) Importer(815301076,1909f56bfc062723c751e8b465ee728b) [PhysX] Initialized MultithreadedTaskDispatcher with 32 workers.
[PhysX] Initialized MultithreadedTaskDispatcher with 32 workers.
 -> (artifact id: '58f18f2ecb5946e281090c6b19b586f3') in 0.014474 seconds
Number of updated asset objects reloaded before import = 0
Number of asset objects unloaded after import = 3
Editor requested this worker to shutdown with reason: Scaling down because of idle timeout
TcpMessagingSession - receive error: operation aborted. errorcode: 995, details: 由于线程退出或应用程序请求，已中止 I/O 操作。
AssetImportWorker is now disconnected from the server
Process exiting
Exiting without the bug reporter. Application will terminate with return code 0